01-03-2018 18:33:03| The player Hoovered bought item "STONE(0)"x1 at tab "Building Blocks". Discount: 0.0%(). Total price: 6.
01-03-2018 18:33:04| The player Hoovered bought item "STONE(0)"x1 at tab "Building Blocks". Discount: 0.0%(). Total price: 6.
01-03-2018 18:33:10| The player Hoovered bought item "STONE(0)"x64 at tab "Building Blocks". Discount: 0.0%(). Total price: 384.
01-03-2018 18:33:10| The player Hoovered bought item "STONE(0)"x64 at tab "Building Blocks". Discount: 0.0%(). Total price: 384.
01-03-2018 18:33:17| The player Hoovered sold item "STONE(0)"x1 at tab "Building Blocks". Discount: 0.0%(). Total price: 3.
01-03-2018 18:33:18| The player Hoovered sold item "STONE(0)"x64 at tab "Building Blocks". Discount: 0.0%(). Total price: 192.
01-03-2018 18:33:18| The player Hoovered sold item "STONE(0)"x64 at tab "Building Blocks". Discount: 0.0%(). Total price: 192.
01-03-2018 18:33:19| The player Hoovered sold item "STONE(0)"x1 at tab "Building Blocks". Discount: 0.0%(). Total price: 3.
01-03-2018 18:39:50| The player men_ bought item "GLASS(0)"x1 at tab "Building Blocks". Discount: 0.0%(). Total price: 8.
01-03-2018 18:39:55| The player men_ bought item "GLASS(0)"x16 at tab "Building Blocks". Discount: 0.0%(). Total price: 128.
01-03-2018 18:39:57| The player men_ bought item "GLASS(0)"x64 at tab "Building Blocks". Discount: 0.0%(). Total price: 512.
01-03-2018 18:44:32| The player PalmtopTaiga bought item "COAL(0)"x1 at tab "Materials". Discount: 0.0%(). Total price: 12.
01-03-2018 18:44:33| The player PalmtopTaiga bought item "COAL(0)"x1 at tab "Materials". Discount: 0.0%(). Total price: 12.
01-03-2018 18:44:33| The player PalmtopTaiga bought item "COAL(0)"x1 at tab "Materials". Discount: 0.0%(). Total price: 12.
01-03-2018 18:44:33| The player PalmtopTaiga bought item "COAL(0)"x64 at tab "Materials". Discount: 0.0%(). Total price: 768.
01-03-2018 18:44:33| The player PalmtopTaiga bought item "COAL(0)"x1 at tab "Materials". Discount: 0.0%(). Total price: 12.
01-03-2018 18:44:53| The player men_ bought item "LAVA_BUCKET(0)"x10 at tab "Miscellaneous". Discount: 0.0%(). Total price: 1000.
01-03-2018 18:45:02| The player GucciGanged bought item "COAL(0)"x1 at tab "Materials". Discount: 0.0%(). Total price: 12.
01-03-2018 18:45:02| The player GucciGanged bought item "COAL(0)"x1 at tab "Materials". Discount: 0.0%(). Total price: 12.
01-03-2018 18:45:02| The player GucciGanged bought item "COAL(0)"x64 at tab "Materials". Discount: 0.0%(). Total price: 768.
01-03-2018 18:45:02| The player GucciGanged bought item "COAL(0)"x1 at tab "Materials". Discount: 0.0%(). Total price: 12.
01-03-2018 18:45:02| The player GucciGanged bought item "COAL(0)"x1 at tab "Materials". Discount: 0.0%(). Total price: 12.
01-03-2018 18:45:03| The player GucciGanged bought item "COAL(0)"x64 at tab "Materials". Discount: 0.0%(). Total price: 768.
01-03-2018 18:45:03| The player GucciGanged bought item "COAL(0)"x1 at tab "Materials". Discount: 0.0%(). Total price: 12.
01-03-2018 18:45:03| The player GucciGanged bought item "COAL(0)"x1 at tab "Materials". Discount: 0.0%(). Total price: 12.
01-03-2018 18:45:03| The player GucciGanged bought item "COAL(0)"x64 at tab "Materials". Discount: 0.0%(). Total price: 768.
01-03-2018 18:45:03| The player GucciGanged bought item "COAL(0)"x1 at tab "Materials". Discount: 0.0%(). Total price: 12.
01-03-2018 18:45:03| The player GucciGanged bought item "COAL(0)"x1 at tab "Materials". Discount: 0.0%(). Total price: 12.
01-03-2018 18:45:03| The player GucciGanged bought item "COAL(0)"x64 at tab "Materials". Discount: 0.0%(). Total price: 768.
01-03-2018 18:45:03| The player GucciGanged bought item "COAL(0)"x1 at tab "Materials". Discount: 0.0%(). Total price: 12.
01-03-2018 18:45:04| The player GucciGanged bought item "COAL(0)"x1 at tab "Materials". Discount: 0.0%(). Total price: 12.
01-03-2018 18:45:04| The player GucciGanged bought item "COAL(0)"x64 at tab "Materials". Discount: 0.0%(). Total price: 768.
01-03-2018 18:45:04| The player GucciGanged bought item "COAL(0)"x1 at tab "Materials". Discount: 0.0%(). Total price: 12.
01-03-2018 18:45:04| The player GucciGanged bought item "COAL(0)"x1 at tab "Materials". Discount: 0.0%(). Total price: 12.
01-03-2018 18:45:04| The player GucciGanged bought item "COAL(0)"x1 at tab "Materials". Discount: 0.0%(). Total price: 12.
01-03-2018 18:45:04| The player GucciGanged bought item "COAL(0)"x1 at tab "Materials". Discount: 0.0%(). Total price: 12.
01-03-2018 18:45:04| The player GucciGanged bought item "COAL(0)"x1 at tab "Materials". Discount: 0.0%(). Total price: 12.
01-03-2018 18:45:05| The player GucciGanged bought item "COAL(0)"x1 at tab "Materials". Discount: 0.0%(). Total price: 12.
01-03-2018 18:45:05| The player GucciGanged bought item "COAL(0)"x1 at tab "Materials". Discount: 0.0%(). Total price: 12.
01-03-2018 18:45:05| The player GucciGanged bought item "COAL(0)"x1 at tab "Materials". Discount: 0.0%(). Total price: 12.
01-03-2018 18:45:05| The player GucciGanged bought item "COAL(0)"x1 at tab "Materials". Discount: 0.0%(). Total price: 12.
01-03-2018 18:45:05| The player GucciGanged bought item "COAL(0)"x1 at tab "Materials". Discount: 0.0%(). Total price: 12.
01-03-2018 18:45:06| The player GucciGanged bought item "COAL(0)"x1 at tab "Materials". Discount: 0.0%(). Total price: 12.
01-03-2018 18:45:06| The player GucciGanged bought item "COAL(0)"x1 at tab "Materials". Discount: 0.0%(). Total price: 12.
01-03-2018 18:45:06| The player GucciGanged bought item "COAL(0)"x1 at tab "Materials". Discount: 0.0%(). Total price: 12.
01-03-2018 18:45:06| The player GucciGanged bought item "COAL(0)"x1 at tab "Materials". Discount: 0.0%(). Total price: 12.
01-03-2018 18:45:07| The player GucciGanged bought item "COAL(0)"x1 at tab "Materials". Discount: 0.0%(). Total price: 12.
01-03-2018 18:45:07| The player GucciGanged bought item "COAL(0)"x1 at tab "Materials". Discount: 0.0%(). Total price: 12.
01-03-2018 18:45:07| The player GucciGanged bought item "COAL(0)"x1 at tab "Materials". Discount: 0.0%(). Total price: 12.
01-03-2018 18:45:07| The player GucciGanged bought item "COAL(0)"x1 at tab "Materials". Discount: 0.0%(). Total price: 12.
01-03-2018 18:45:07| The player GucciGanged bought item "COAL(0)"x1 at tab "Materials". Discount: 0.0%(). Total price: 12.
01-03-2018 18:45:08| The player GucciGanged bought item "COAL(0)"x1 at tab "Materials". Discount: 0.0%(). Total price: 12.
01-03-2018 18:45:08| The player GucciGanged bought item "COAL(0)"x1 at tab "Materials". Discount: 0.0%(). Total price: 12.
01-03-2018 18:45:19| The player men_ bought item "WATER_BUCKET(0)"x5 at tab "Miscellaneous". Discount: 0.0%(). Total price: 225.
01-03-2018 18:50:09| The player Hoovered sold item "SUGAR_CANE(0)"x64 at tab "Materials". Discount: 0.0%(). Total price: 320.
01-03-2018 18:50:09| The player Hoovered sold item "SUGAR_CANE(0)"x64 at tab "Materials". Discount: 0.0%(). Total price: 320.
01-03-2018 18:50:10| The player Hoovered sold item "SUGAR_CANE(0)"x64 at tab "Materials". Discount: 0.0%(). Total price: 320.
01-03-2018 18:50:11| The player Hoovered sold item "SUGAR_CANE(0)"x64 at tab "Materials". Discount: 0.0%(). Total price: 320.
01-03-2018 18:50:11| The player Hoovered sold item "SUGAR_CANE(0)"x64 at tab "Materials". Discount: 0.0%(). Total price: 320.
01-03-2018 18:50:12| The player Hoovered sold item "SUGAR_CANE(0)"x64 at tab "Materials". Discount: 0.0%(). Total price: 320.
01-03-2018 18:50:12| The player Hoovered sold item "SUGAR_CANE(0)"x32 at tab "Materials". Discount: 0.0%(). Total price: 160.
01-03-2018 18:50:59| The player SecurityCode sold item "SUGAR_CANE(0)"x64 at tab "Materials". Discount: 0.0%(). Total price: 320.
01-03-2018 18:50:59| The player SecurityCode sold item "SUGAR_CANE(0)"x64 at tab "Materials". Discount: 0.0%(). Total price: 320.
01-03-2018 18:51:00| The player SecurityCode sold item "SUGAR_CANE(0)"x64 at tab "Materials". Discount: 0.0%(). Total price: 320.
01-03-2018 18:51:02| The player SecurityCode sold item "SUGAR_CANE(0)"x64 at tab "Materials". Discount: 0.0%(). Total price: 320.
01-03-2018 18:51:02| The player SecurityCode sold item "SUGAR_CANE(0)"x64 at tab "Materials". Discount: 0.0%(). Total price: 320.
01-03-2018 18:51:03| The player SecurityCode sold item "SUGAR_CANE(0)"x64 at tab "Materials". Discount: 0.0%(). Total price: 320.
01-03-2018 18:51:04| The player SecurityCode sold item "SUGAR_CANE(0)"x64 at tab "Materials". Discount: 0.0%(). Total price: 320.
01-03-2018 18:51:04| The player SecurityCode sold item "SUGAR_CANE(0)"x64 at tab "Materials". Discount: 0.0%(). Total price: 320.
01-03-2018 18:51:04| The player SecurityCode sold item "SUGAR_CANE(0)"x64 at tab "Materials". Discount: 0.0%(). Total price: 320.
01-03-2018 18:51:04| The player SecurityCode sold item "SUGAR_CANE(0)"x64 at tab "Materials". Discount: 0.0%(). Total price: 320.
01-03-2018 18:51:05| The player SecurityCode sold item "SUGAR_CANE(0)"x64 at tab "Materials". Discount: 0.0%(). Total price: 320.
01-03-2018 18:51:05| The player SecurityCode sold item "SUGAR_CANE(0)"x64 at tab "Materials". Discount: 0.0%(). Total price: 320.
01-03-2018 18:51:05| The player SecurityCode sold item "SUGAR_CANE(0)"x64 at tab "Materials". Discount: 0.0%(). Total price: 320.
01-03-2018 18:51:05| The player SecurityCode sold item "SUGAR_CANE(0)"x64 at tab "Materials". Discount: 0.0%(). Total price: 320.
01-03-2018 18:51:05| The player SecurityCode sold item "SUGAR_CANE(0)"x64 at tab "Materials". Discount: 0.0%(). Total price: 320.
01-03-2018 18:51:06| The player SecurityCode sold item "SUGAR_CANE(0)"x64 at tab "Materials". Discount: 0.0%(). Total price: 320.
01-03-2018 18:51:06| The player SecurityCode sold item "SUGAR_CANE(0)"x64 at tab "Materials". Discount: 0.0%(). Total price: 320.
01-03-2018 18:51:07| The player SecurityCode sold item "SUGAR_CANE(0)"x64 at tab "Materials". Discount: 0.0%(). Total price: 320.
01-03-2018 18:51:07| The player SecurityCode sold item "SUGAR_CANE(0)"x64 at tab "Materials". Discount: 0.0%(). Total price: 320.
01-03-2018 18:51:07| The player SecurityCode sold item "SUGAR_CANE(0)"x64 at tab "Materials". Discount: 0.0%(). Total price: 320.
01-03-2018 18:51:07| The player SecurityCode sold item "SUGAR_CANE(0)"x64 at tab "Materials". Discount: 0.0%(). Total price: 320.
01-03-2018 18:51:07| The player SecurityCode sold item "SUGAR_CANE(0)"x64 at tab "Materials". Discount: 0.0%(). Total price: 320.
01-03-2018 18:51:07| The player SecurityCode sold item "SUGAR_CANE(0)"x64 at tab "Materials". Discount: 0.0%(). Total price: 320.
01-03-2018 18:51:08| The player SecurityCode sold item "SUGAR_CANE(0)"x64 at tab "Materials". Discount: 0.0%(). Total price: 320.
01-03-2018 18:51:08| The player SecurityCode sold item "SUGAR_CANE(0)"x64 at tab "Materials". Discount: 0.0%(). Total price: 320.
01-03-2018 18:51:08| The player SecurityCode sold item "SUGAR_CANE(0)"x64 at tab "Materials". Discount: 0.0%(). Total price: 320.
01-03-2018 18:51:08| The player SecurityCode sold item "SUGAR_CANE(0)"x7 at tab "Materials". Discount: 0.0%(). Total price: 35.
01-03-2018 18:52:22| The player PalmtopTaiga bought item "STONE(5)"x1 at tab "Building Blocks". Discount: 0.0%(). Total price: 4.
01-03-2018 18:52:22| The player PalmtopTaiga bought item "STONE(5)"x1 at tab "Building Blocks". Discount: 0.0%(). Total price: 4.
01-03-2018 18:52:22| The player PalmtopTaiga bought item "STONE(5)"x1 at tab "Building Blocks". Discount: 0.0%(). Total price: 4.
01-03-2018 18:52:23| The player PalmtopTaiga bought item "STONE(5)"x1 at tab "Building Blocks". Discount: 0.0%(). Total price: 4.
01-03-2018 18:52:23| The player PalmtopTaiga bought item "STONE(5)"x1 at tab "Building Blocks". Discount: 0.0%(). Total price: 4.
01-03-2018 18:52:23| The player PalmtopTaiga bought item "STONE(5)"x1 at tab "Building Blocks". Discount: 0.0%(). Total price: 4.
01-03-2018 18:52:23| The player PalmtopTaiga bought item "STONE(5)"x1 at tab "Building Blocks". Discount: 0.0%(). Total price: 4.
01-03-2018 18:52:23| The player PalmtopTaiga bought item "STONE(5)"x1 at tab "Building Blocks". Discount: 0.0%(). Total price: 4.
01-03-2018 18:52:23| The player PalmtopTaiga bought item "STONE(5)"x1 at tab "Building Blocks". Discount: 0.0%(). Total price: 4.
01-03-2018 18:52:23| The player PalmtopTaiga bought item "STONE(5)"x1 at tab "Building Blocks". Discount: 0.0%(). Total price: 4.
01-03-2018 18:52:24| The player PalmtopTaiga bought item "STONE(5)"x1 at tab "Building Blocks". Discount: 0.0%(). Total price: 4.
01-03-2018 18:52:24| The player PalmtopTaiga bought item "STONE(5)"x1 at tab "Building Blocks". Discount: 0.0%(). Total price: 4.
01-03-2018 18:52:24| The player PalmtopTaiga bought item "STONE(5)"x1 at tab "Building Blocks". Discount: 0.0%(). Total price: 4.
01-03-2018 18:52:24| The player PalmtopTaiga bought item "STONE(5)"x1 at tab "Building Blocks". Discount: 0.0%(). Total price: 4.
01-03-2018 18:52:24| The player PalmtopTaiga bought item "STONE(5)"x1 at tab "Building Blocks". Discount: 0.0%(). Total price: 4.
01-03-2018 18:52:24| The player PalmtopTaiga bought item "STONE(5)"x1 at tab "Building Blocks". Discount: 0.0%(). Total price: 4.
01-03-2018 18:52:24| The player PalmtopTaiga bought item "STONE(5)"x1 at tab "Building Blocks". Discount: 0.0%(). Total price: 4.
01-03-2018 18:52:51| The player PalmtopTaiga bought item "STONE(5)"x1 at tab "Building Blocks". Discount: 0.0%(). Total price: 4.
01-03-2018 18:52:51| The player PalmtopTaiga bought item "STONE(5)"x1 at tab "Building Blocks". Discount: 0.0%(). Total price: 4.
01-03-2018 18:52:52| The player PalmtopTaiga bought item "STONE(5)"x1 at tab "Building Blocks". Discount: 0.0%(). Total price: 4.
01-03-2018 18:52:52| The player PalmtopTaiga bought item "STONE(5)"x1 at tab "Building Blocks". Discount: 0.0%(). Total price: 4.
01-03-2018 18:52:52| The player PalmtopTaiga bought item "STONE(5)"x1 at tab "Building Blocks". Discount: 0.0%(). Total price: 4.
01-03-2018 18:52:52| The player PalmtopTaiga bought item "STONE(5)"x1 at tab "Building Blocks". Discount: 0.0%(). Total price: 4.
01-03-2018 18:52:52| The player PalmtopTaiga bought item "STONE(5)"x1 at tab "Building Blocks". Discount: 0.0%(). Total price: 4.
01-03-2018 18:52:52| The player PalmtopTaiga bought item "STONE(5)"x1 at tab "Building Blocks". Discount: 0.0%(). Total price: 4.
01-03-2018 18:52:52| The player PalmtopTaiga bought item "STONE(5)"x1 at tab "Building Blocks". Discount: 0.0%(). Total price: 4.
01-03-2018 18:52:52| The player PalmtopTaiga bought item "STONE(5)"x1 at tab "Building Blocks". Discount: 0.0%(). Total price: 4.
01-03-2018 18:52:53| The player PalmtopTaiga bought item "STONE(5)"x1 at tab "Building Blocks". Discount: 0.0%(). Total price: 4.
01-03-2018 18:52:57| The player PalmtopTaiga bought item "STONE(5)"x1 at tab "Building Blocks". Discount: 0.0%(). Total price: 4.
01-03-2018 18:52:57| The player PalmtopTaiga bought item "STONE(5)"x1 at tab "Building Blocks". Discount: 0.0%(). Total price: 4.
01-03-2018 18:52:57| The player PalmtopTaiga bought item "STONE(5)"x1 at tab "Building Blocks". Discount: 0.0%(). Total price: 4.
01-03-2018 18:52:57| The player PalmtopTaiga bought item "STONE(5)"x1 at tab "Building Blocks". Discount: 0.0%(). Total price: 4.
01-03-2018 18:52:57| The player PalmtopTaiga bought item "STONE(5)"x1 at tab "Building Blocks". Discount: 0.0%(). Total price: 4.
01-03-2018 18:52:57| The player PalmtopTaiga bought item "STONE(5)"x1 at tab "Building Blocks". Discount: 0.0%(). Total price: 4.
01-03-2018 18:52:57| The player PalmtopTaiga bought item "STONE(5)"x1 at tab "Building Blocks". Discount: 0.0%(). Total price: 4.
01-03-2018 18:52:58| The player PalmtopTaiga bought item "STONE(5)"x1 at tab "Building Blocks". Discount: 0.0%(). Total price: 4.
01-03-2018 18:52:58| The player PalmtopTaiga bought item "STONE(5)"x1 at tab "Building Blocks". Discount: 0.0%(). Total price: 4.
01-03-2018 18:52:58| The player PalmtopTaiga bought item "STONE(5)"x1 at tab "Building Blocks". Discount: 0.0%(). Total price: 4.
01-03-2018 18:52:58| The player PalmtopTaiga bought item "STONE(5)"x1 at tab "Building Blocks". Discount: 0.0%(). Total price: 4.
01-03-2018 18:52:58| The player PalmtopTaiga bought item "STONE(5)"x1 at tab "Building Blocks". Discount: 0.0%(). Total price: 4.
01-03-2018 18:52:58| The player PalmtopTaiga bought item "STONE(5)"x1 at tab "Building Blocks". Discount: 0.0%(). Total price: 4.
01-03-2018 18:52:58| The player PalmtopTaiga bought item "STONE(5)"x1 at tab "Building Blocks". Discount: 0.0%(). Total price: 4.
01-03-2018 18:52:59| The player PalmtopTaiga bought item "STONE(5)"x1 at tab "Building Blocks". Discount: 0.0%(). Total price: 4.
01-03-2018 18:52:59| The player PalmtopTaiga bought item "STONE(5)"x1 at tab "Building Blocks". Discount: 0.0%(). Total price: 4.
01-03-2018 18:52:59| The player PalmtopTaiga bought item "STONE(5)"x1 at tab "Building Blocks". Discount: 0.0%(). Total price: 4.
01-03-2018 18:52:59| The player PalmtopTaiga bought item "STONE(5)"x1 at tab "Building Blocks". Discount: 0.0%(). Total price: 4.
01-03-2018 18:53:00| The player men_ bought item "LAVA_BUCKET(0)"x15 at tab "Miscellaneous". Discount: 0.0%(). Total price: 1500.
01-03-2018 18:54:53| The player men_ bought item "LAVA_BUCKET(0)"x15 at tab "Miscellaneous". Discount: 0.0%(). Total price: 1500.
01-03-2018 18:55:10| The player men_ bought item "LAVA_BUCKET(0)"x15 at tab "Miscellaneous". Discount: 0.0%(). Total price: 1500.
01-03-2018 18:55:18| The player GucciGanged bought item "WATER_BUCKET(0)"x1 at tab "Miscellaneous". Discount: 0.0%(). Total price: 45.
01-03-2018 18:55:19| The player GucciGanged bought item "WATER_BUCKET(0)"x1 at tab "Miscellaneous". Discount: 0.0%(). Total price: 45.
01-03-2018 18:55:19| The player GucciGanged bought item "WATER_BUCKET(0)"x1 at tab "Miscellaneous". Discount: 0.0%(). Total price: 45.
01-03-2018 18:55:19| The player GucciGanged bought item "WATER_BUCKET(0)"x1 at tab "Miscellaneous". Discount: 0.0%(). Total price: 45.
01-03-2018 18:55:19| The player GucciGanged bought item "WATER_BUCKET(0)"x1 at tab "Miscellaneous". Discount: 0.0%(). Total price: 45.
01-03-2018 18:55:19| The player GucciGanged bought item "WATER_BUCKET(0)"x1 at tab "Miscellaneous". Discount: 0.0%(). Total price: 45.
01-03-2018 18:55:19| The player GucciGanged bought item "WATER_BUCKET(0)"x1 at tab "Miscellaneous". Discount: 0.0%(). Total price: 45.
01-03-2018 18:56:18| The player men_ bought item "LAVA_BUCKET(0)"x1 at tab "Miscellaneous". Discount: 0.0%(). Total price: 100.
01-03-2018 18:56:19| The player men_ bought item "LAVA_BUCKET(0)"x1 at tab "Miscellaneous". Discount: 0.0%(). Total price: 100.
01-03-2018 18:56:19| The player men_ bought item "LAVA_BUCKET(0)"x1 at tab "Miscellaneous". Discount: 0.0%(). Total price: 100.
01-03-2018 18:59:43| The player GucciGanged bought item "WOOL(0)"x1 at tab "Building Blocks". Discount: 0.0%(). Total price: 16.
01-03-2018 18:59:43| The player GucciGanged bought item "WOOL(0)"x1 at tab "Building Blocks". Discount: 0.0%(). Total price: 16.
01-03-2018 18:59:44| The player GucciGanged bought item "WOOL(0)"x1 at tab "Building Blocks". Discount: 0.0%(). Total price: 16.
01-03-2018 18:59:44| The player GucciGanged bought item "WOOL(0)"x1 at tab "Building Blocks". Discount: 0.0%(). Total price: 16.
01-03-2018 19:04:29| The player SecurityCode sold item "COBBLESTONE(0)"x64 at tab "Building Blocks". Discount: 0.0%(). Total price: 128.
01-03-2018 19:04:29| The player SecurityCode sold item "COBBLESTONE(0)"x64 at tab "Building Blocks". Discount: 0.0%(). Total price: 128.
01-03-2018 19:04:30| The player SecurityCode sold item "COBBLESTONE(0)"x64 at tab "Building Blocks". Discount: 0.0%(). Total price: 128.
01-03-2018 19:04:30| The player SecurityCode sold item "COBBLESTONE(0)"x64 at tab "Building Blocks". Discount: 0.0%(). Total price: 128.
01-03-2018 19:04:30| The player SecurityCode sold item "COBBLESTONE(0)"x64 at tab "Building Blocks". Discount: 0.0%(). Total price: 128.
01-03-2018 19:04:30| The player SecurityCode sold item "COBBLESTONE(0)"x64 at tab "Building Blocks". Discount: 0.0%(). Total price: 128.
01-03-2018 19:04:30| The player SecurityCode sold item "COBBLESTONE(0)"x64 at tab "Building Blocks". Discount: 0.0%(). Total price: 128.
01-03-2018 19:04:30| The player SecurityCode sold item "COBBLESTONE(0)"x64 at tab "Building Blocks". Discount: 0.0%(). Total price: 128.
01-03-2018 19:04:31| The player SecurityCode sold item "COBBLESTONE(0)"x64 at tab "Building Blocks". Discount: 0.0%(). Total price: 128.
01-03-2018 19:04:31| The player SecurityCode sold item "COBBLESTONE(0)"x64 at tab "Building Blocks". Discount: 0.0%(). Total price: 128.
01-03-2018 19:04:31| The player SecurityCode sold item "COBBLESTONE(0)"x64 at tab "Building Blocks". Discount: 0.0%(). Total price: 128.
01-03-2018 19:04:31| The player SecurityCode sold item "COBBLESTONE(0)"x64 at tab "Building Blocks". Discount: 0.0%(). Total price: 128.
01-03-2018 19:04:31| The player SecurityCode sold item "COBBLESTONE(0)"x64 at tab "Building Blocks". Discount: 0.0%(). Total price: 128.
01-03-2018 19:04:32| The player SecurityCode sold item "COBBLESTONE(0)"x64 at tab "Building Blocks". Discount: 0.0%(). Total price: 128.
01-03-2018 19:04:32| The player SecurityCode sold item "COBBLESTONE(0)"x64 at tab "Building Blocks". Discount: 0.0%(). Total price: 128.
01-03-2018 19:04:32| The player SecurityCode sold item "COBBLESTONE(0)"x64 at tab "Building Blocks". Discount: 0.0%(). Total price: 128.
01-03-2018 19:04:32| The player SecurityCode sold item "COBBLESTONE(0)"x64 at tab "Building Blocks". Discount: 0.0%(). Total price: 128.
01-03-2018 19:04:57| The player SecurityCode sold item "STONE(1)"x64 at tab "Building Blocks". Discount: 0.0%(). Total price: 128.
01-03-2018 19:04:57| The player SecurityCode sold item "STONE(1)"x64 at tab "Building Blocks". Discount: 0.0%(). Total price: 128.
01-03-2018 19:04:58| The player SecurityCode sold item "STONE(1)"x64 at tab "Building Blocks". Discount: 0.0%(). Total price: 128.
01-03-2018 19:04:58| The player SecurityCode sold item "STONE(1)"x64 at tab "Building Blocks". Discount: 0.0%(). Total price: 128.
01-03-2018 19:04:58| The player SecurityCode sold item "STONE(1)"x64 at tab "Building Blocks". Discount: 0.0%(). Total price: 128.
01-03-2018 19:04:58| The player SecurityCode sold item "STONE(1)"x64 at tab "Building Blocks". Discount: 0.0%(). Total price: 128.
01-03-2018 19:04:58| The player SecurityCode sold item "STONE(1)"x64 at tab "Building Blocks". Discount: 0.0%(). Total price: 128.
01-03-2018 19:04:58| The player SecurityCode sold item "STONE(1)"x59 at tab "Building Blocks". Discount: 0.0%(). Total price: 118.
01-03-2018 19:04:59| The player SecurityCode sold item "STONE(3)"x64 at tab "Building Blocks". Discount: 0.0%(). Total price: 128.
01-03-2018 19:04:59| The player SecurityCode sold item "STONE(3)"x64 at tab "Building Blocks". Discount: 0.0%(). Total price: 128.
01-03-2018 19:05:00| The player SecurityCode sold item "STONE(3)"x64 at tab "Building Blocks". Discount: 0.0%(). Total price: 128.
01-03-2018 19:05:00| The player SecurityCode sold item "STONE(3)"x64 at tab "Building Blocks". Discount: 0.0%(). Total price: 128.
01-03-2018 19:05:00| The player SecurityCode sold item "STONE(3)"x64 at tab "Building Blocks". Discount: 0.0%(). Total price: 128.
01-03-2018 19:05:00| The player SecurityCode sold item "STONE(3)"x64 at tab "Building Blocks". Discount: 0.0%(). Total price: 128.
01-03-2018 19:05:00| The player SecurityCode sold item "STONE(3)"x64 at tab "Building Blocks". Discount: 0.0%(). Total price: 128.
01-03-2018 19:05:00| The player SecurityCode sold item "STONE(3)"x64 at tab "Building Blocks". Discount: 0.0%(). Total price: 128.
01-03-2018 19:05:01| The player SecurityCode sold item "STONE(3)"x64 at tab "Building Blocks". Discount: 0.0%(). Total price: 128.
01-03-2018 19:05:02| The player SecurityCode sold item "STONE(5)"x64 at tab "Building Blocks". Discount: 0.0%(). Total price: 128.
01-03-2018 19:05:02| The player SecurityCode sold item "STONE(5)"x64 at tab "Building Blocks". Discount: 0.0%(). Total price: 128.
01-03-2018 19:05:03| The player SecurityCode sold item "STONE(5)"x64 at tab "Building Blocks". Discount: 0.0%(). Total price: 128.
01-03-2018 19:05:03| The player SecurityCode sold item "STONE(5)"x64 at tab "Building Blocks". Discount: 0.0%(). Total price: 128.
01-03-2018 19:05:03| The player SecurityCode sold item "STONE(5)"x64 at tab "Building Blocks". Discount: 0.0%(). Total price: 128.
01-03-2018 19:05:03| The player SecurityCode sold item "STONE(5)"x64 at tab "Building Blocks". Discount: 0.0%(). Total price: 128.
01-03-2018 19:05:03| The player SecurityCode sold item "STONE(5)"x64 at tab "Building Blocks". Discount: 0.0%(). Total price: 128.
01-03-2018 19:05:04| The player SecurityCode sold item "STONE(5)"x28 at tab "Building Blocks". Discount: 0.0%(). Total price: 56.
01-03-2018 19:05:41| The player SecurityCode sold item "IRON_INGOT(0)"x64 at tab "Materials". Discount: 0.0%(). Total price: 640.
01-03-2018 19:05:41| The player SecurityCode sold item "IRON_INGOT(0)"x25 at tab "Materials". Discount: 0.0%(). Total price: 250.
01-03-2018 19:05:45| The player SecurityCode sold item "COAL(0)"x64 at tab "Materials". Discount: 0.0%(). Total price: 384.
01-03-2018 19:05:47| The player SecurityCode sold item "INK_SACK(4)"x64 at tab "Materials". Discount: 0.0%(). Total price: 256.
01-03-2018 19:05:47| The player SecurityCode sold item "INK_SACK(4)"x64 at tab "Materials". Discount: 0.0%(). Total price: 256.
01-03-2018 19:05:48| The player SecurityCode sold item "INK_SACK(4)"x42 at tab "Materials". Discount: 0.0%(). Total price: 168.
01-03-2018 19:05:49| The player Hoovered sold item "COBBLESTONE(0)"x64 at tab "Building Blocks". Discount: 0.0%(). Total price: 128.
01-03-2018 19:05:50| The player Hoovered sold item "COBBLESTONE(0)"x64 at tab "Building Blocks". Discount: 0.0%(). Total price: 128.
01-03-2018 19:05:50| The player Hoovered sold item "COBBLESTONE(0)"x64 at tab "Building Blocks". Discount: 0.0%(). Total price: 128.
01-03-2018 19:05:50| The player Hoovered sold item "COBBLESTONE(0)"x64 at tab "Building Blocks". Discount: 0.0%(). Total price: 128.
01-03-2018 19:05:50| The player Hoovered sold item "COBBLESTONE(0)"x64 at tab "Building Blocks". Discount: 0.0%(). Total price: 128.
01-03-2018 19:05:51| The player Hoovered sold item "COBBLESTONE(0)"x64 at tab "Building Blocks". Discount: 0.0%(). Total price: 128.
01-03-2018 19:05:51| The player SecurityCode sold item "SUGAR_CANE(0)"x64 at tab "Materials". Discount: 0.0%(). Total price: 320.
01-03-2018 19:05:51| The player Hoovered sold item "COBBLESTONE(0)"x64 at tab "Building Blocks". Discount: 0.0%(). Total price: 128.
01-03-2018 19:05:51| The player SecurityCode sold item "SUGAR_CANE(0)"x64 at tab "Materials". Discount: 0.0%(). Total price: 320.
01-03-2018 19:05:51| The player Hoovered sold item "COBBLESTONE(0)"x64 at tab "Building Blocks". Discount: 0.0%(). Total price: 128.
01-03-2018 19:05:51| The player SecurityCode sold item "SUGAR_CANE(0)"x64 at tab "Materials". Discount: 0.0%(). Total price: 320.
01-03-2018 19:05:51| The player Hoovered sold item "COBBLESTONE(0)"x64 at tab "Building Blocks". Discount: 0.0%(). Total price: 128.
01-03-2018 19:05:51| The player SecurityCode sold item "SUGAR_CANE(0)"x64 at tab "Materials". Discount: 0.0%(). Total price: 320.
01-03-2018 19:05:51| The player Hoovered sold item "COBBLESTONE(0)"x64 at tab "Building Blocks". Discount: 0.0%(). Total price: 128.
01-03-2018 19:05:51| The player SecurityCode sold item "SUGAR_CANE(0)"x64 at tab "Materials". Discount: 0.0%(). Total price: 320.
01-03-2018 19:05:52| The player SecurityCode sold item "SUGAR_CANE(0)"x1 at tab "Materials". Discount: 0.0%(). Total price: 5.
01-03-2018 19:05:52| The player Hoovered sold item "COBBLESTONE(0)"x64 at tab "Building Blocks". Discount: 0.0%(). Total price: 128.
01-03-2018 19:05:52| The player Hoovered sold item "COBBLESTONE(0)"x64 at tab "Building Blocks". Discount: 0.0%(). Total price: 128.
01-03-2018 19:05:53| The player Hoovered sold item "COBBLESTONE(0)"x64 at tab "Building Blocks". Discount: 0.0%(). Total price: 128.
01-03-2018 19:05:53| The player Hoovered sold item "COBBLESTONE(0)"x64 at tab "Building Blocks". Discount: 0.0%(). Total price: 128.
01-03-2018 19:05:53| The player Hoovered sold item "COBBLESTONE(0)"x64 at tab "Building Blocks". Discount: 0.0%(). Total price: 128.
01-03-2018 19:05:53| The player Hoovered sold item "COBBLESTONE(0)"x64 at tab "Building Blocks". Discount: 0.0%(). Total price: 128.
01-03-2018 19:05:53| The player Hoovered sold item "COBBLESTONE(0)"x64 at tab "Building Blocks". Discount: 0.0%(). Total price: 128.
01-03-2018 19:05:53| The player Hoovered sold item "COBBLESTONE(0)"x64 at tab "Building Blocks". Discount: 0.0%(). Total price: 128.
01-03-2018 19:05:54| The player Hoovered sold item "COBBLESTONE(0)"x64 at tab "Building Blocks". Discount: 0.0%(). Total price: 128.
01-03-2018 19:05:54| The player Hoovered sold item "COBBLESTONE(0)"x64 at tab "Building Blocks". Discount: 0.0%(). Total price: 128.
01-03-2018 19:05:54| The player Hoovered sold item "COBBLESTONE(0)"x64 at tab "Building Blocks". Discount: 0.0%(). Total price: 128.
01-03-2018 19:05:54| The player Hoovered sold item "COBBLESTONE(0)"x64 at tab "Building Blocks". Discount: 0.0%(). Total price: 128.
01-03-2018 19:05:54| The player Hoovered sold item "COBBLESTONE(0)"x64 at tab "Building Blocks". Discount: 0.0%(). Total price: 128.
01-03-2018 19:05:55| The player Hoovered sold item "COBBLESTONE(0)"x64 at tab "Building Blocks". Discount: 0.0%(). Total price: 128.
01-03-2018 19:05:55| The player Hoovered sold item "COBBLESTONE(0)"x64 at tab "Building Blocks". Discount: 0.0%(). Total price: 128.
01-03-2018 19:05:55| The player Hoovered sold item "COBBLESTONE(0)"x64 at tab "Building Blocks". Discount: 0.0%(). Total price: 128.
01-03-2018 19:05:55| The player Hoovered sold item "COBBLESTONE(0)"x64 at tab "Building Blocks". Discount: 0.0%(). Total price: 128.
01-03-2018 19:05:56| The player Hoovered sold item "COBBLESTONE(0)"x64 at tab "Building Blocks". Discount: 0.0%(). Total price: 128.
01-03-2018 19:05:59| The player SecurityCode sold item "REDSTONE(0)"x64 at tab "Redstone". Discount: 0.0%(). Total price: 320.
01-03-2018 19:05:59| The player SecurityCode sold item "REDSTONE(0)"x64 at tab "Redstone". Discount: 0.0%(). Total price: 320.
01-03-2018 19:05:59| The player SecurityCode sold item "REDSTONE(0)"x64 at tab "Redstone". Discount: 0.0%(). Total price: 320.
01-03-2018 19:06:00| The player SecurityCode sold item "REDSTONE(0)"x64 at tab "Redstone". Discount: 0.0%(). Total price: 320.
01-03-2018 19:06:00| The player SecurityCode sold item "REDSTONE(0)"x64 at tab "Redstone". Discount: 0.0%(). Total price: 320.
01-03-2018 19:06:00| The player SecurityCode sold item "REDSTONE(0)"x64 at tab "Redstone". Discount: 0.0%(). Total price: 320.
01-03-2018 19:06:00| The player SecurityCode sold item "REDSTONE(0)"x64 at tab "Redstone". Discount: 0.0%(). Total price: 320.
01-03-2018 19:06:00| The player SecurityCode sold item "REDSTONE(0)"x64 at tab "Redstone". Discount: 0.0%(). Total price: 320.
01-03-2018 19:06:01| The player SecurityCode sold item "REDSTONE(0)"x51 at tab "Redstone". Discount: 0.0%(). Total price: 255.
01-03-2018 19:06:24| The player Hoovered sold item "REDSTONE(0)"x64 at tab "Redstone". Discount: 0.0%(). Total price: 320.
01-03-2018 19:06:25| The player Hoovered sold item "REDSTONE(0)"x64 at tab "Redstone". Discount: 0.0%(). Total price: 320.
01-03-2018 19:06:25| The player Hoovered sold item "REDSTONE(0)"x63 at tab "Redstone". Discount: 0.0%(). Total price: 315.
01-03-2018 19:06:49| The player SecurityCode sold item "DIAMOND_BLOCK(0)"x8 at tab "Building Blocks". Discount: 0.0%(). Total price: 8000.
01-03-2018 19:06:49| The player SecurityCode sold item "GOLD_BLOCK(0)"x4 at tab "Building Blocks". Discount: 0.0%(). Total price: 900.
01-03-2018 19:07:09| The player Hoovered sold item "DIAMOND_BLOCK(0)"x14 at tab "Building Blocks". Discount: 0.0%(). Total price: 14000.
01-03-2018 19:07:19| The player SecurityCode sold item "DIAMOND_BLOCK(0)"x1 at tab "Building Blocks". Discount: 0.0%(). Total price: 1000.
01-03-2018 19:07:29| The player SecurityCode sold item "STONE(3)"x64 at tab "Building Blocks". Discount: 0.0%(). Total price: 128.
01-03-2018 19:07:29| The player SecurityCode sold item "STONE(3)"x64 at tab "Building Blocks". Discount: 0.0%(). Total price: 128.
01-03-2018 19:07:30| The player Hoovered sold item "COBBLESTONE(0)"x64 at tab "Building Blocks". Discount: 0.0%(). Total price: 128.
01-03-2018 19:07:30| The player Hoovered sold item "COBBLESTONE(0)"x64 at tab "Building Blocks". Discount: 0.0%(). Total price: 128.
01-03-2018 19:07:30| The player Hoovered sold item "COBBLESTONE(0)"x64 at tab "Building Blocks". Discount: 0.0%(). Total price: 128.
01-03-2018 19:07:30| The player Hoovered sold item "COBBLESTONE(0)"x64 at tab "Building Blocks". Discount: 0.0%(). Total price: 128.
01-03-2018 19:07:30| The player Hoovered sold item "COBBLESTONE(0)"x64 at tab "Building Blocks". Discount: 0.0%(). Total price: 128.
01-03-2018 19:07:30| The player Hoovered sold item "COBBLESTONE(0)"x64 at tab "Building Blocks". Discount: 0.0%(). Total price: 128.
01-03-2018 19:07:31| The player Hoovered sold item "COBBLESTONE(0)"x64 at tab "Building Blocks". Discount: 0.0%(). Total price: 128.
01-03-2018 19:07:31| The player Hoovered sold item "COBBLESTONE(0)"x64 at tab "Building Blocks". Discount: 0.0%(). Total price: 128.
01-03-2018 19:07:31| The player Hoovered sold item "COBBLESTONE(0)"x64 at tab "Building Blocks". Discount: 0.0%(). Total price: 128.
01-03-2018 19:07:31| The player Hoovered sold item "COBBLESTONE(0)"x64 at tab "Building Blocks". Discount: 0.0%(). Total price: 128.
01-03-2018 19:07:31| The player Hoovered sold item "COBBLESTONE(0)"x64 at tab "Building Blocks". Discount: 0.0%(). Total price: 128.
01-03-2018 19:07:31| The player Hoovered sold item "COBBLESTONE(0)"x64 at tab "Building Blocks". Discount: 0.0%(). Total price: 128.
01-03-2018 19:07:32| The player Hoovered sold item "COBBLESTONE(0)"x64 at tab "Building Blocks". Discount: 0.0%(). Total price: 128.
01-03-2018 19:07:32| The player Hoovered sold item "COBBLESTONE(0)"x64 at tab "Building Blocks". Discount: 0.0%(). Total price: 128.
01-03-2018 19:07:32| The player SecurityCode sold item "COBBLESTONE(0)"x64 at tab "Building Blocks". Discount: 0.0%(). Total price: 128.
01-03-2018 19:07:32| The player Hoovered sold item "COBBLESTONE(0)"x64 at tab "Building Blocks". Discount: 0.0%(). Total price: 128.
01-03-2018 19:07:32| The player Hoovered sold item "COBBLESTONE(0)"x64 at tab "Building Blocks". Discount: 0.0%(). Total price: 128.
01-03-2018 19:07:32| The player SecurityCode sold item "COBBLESTONE(0)"x64 at tab "Building Blocks". Discount: 0.0%(). Total price: 128.
01-03-2018 19:07:32| The player Hoovered sold item "COBBLESTONE(0)"x64 at tab "Building Blocks". Discount: 0.0%(). Total price: 128.
01-03-2018 19:07:32| The player SecurityCode sold item "COBBLESTONE(0)"x64 at tab "Building Blocks". Discount: 0.0%(). Total price: 128.
01-03-2018 19:07:32| The player SecurityCode sold item "COBBLESTONE(0)"x64 at tab "Building Blocks". Discount: 0.0%(). Total price: 128.
01-03-2018 19:07:32| The player Hoovered sold item "COBBLESTONE(0)"x64 at tab "Building Blocks". Discount: 0.0%(). Total price: 128.
01-03-2018 19:07:33| The player SecurityCode sold item "COBBLESTONE(0)"x64 at tab "Building Blocks". Discount: 0.0%(). Total price: 128.
01-03-2018 19:07:33| The player Hoovered sold item "COBBLESTONE(0)"x64 at tab "Building Blocks". Discount: 0.0%(). Total price: 128.
01-03-2018 19:07:33| The player SecurityCode sold item "COBBLESTONE(0)"x64 at tab "Building Blocks". Discount: 0.0%(). Total price: 128.
01-03-2018 19:07:33| The player Hoovered sold item "COBBLESTONE(0)"x64 at tab "Building Blocks". Discount: 0.0%(). Total price: 128.
01-03-2018 19:07:33| The player SecurityCode sold item "COBBLESTONE(0)"x64 at tab "Building Blocks". Discount: 0.0%(). Total price: 128.
01-03-2018 19:07:33| The player Hoovered sold item "COBBLESTONE(0)"x64 at tab "Building Blocks". Discount: 0.0%(). Total price: 128.
01-03-2018 19:07:33| The player SecurityCode sold item "COBBLESTONE(0)"x64 at tab "Building Blocks". Discount: 0.0%(). Total price: 128.
01-03-2018 19:07:33| The player SecurityCode sold item "COBBLESTONE(0)"x64 at tab "Building Blocks". Discount: 0.0%(). Total price: 128.
01-03-2018 19:07:33| The player Hoovered sold item "COBBLESTONE(0)"x64 at tab "Building Blocks". Discount: 0.0%(). Total price: 128.
01-03-2018 19:07:33| The player SecurityCode sold item "COBBLESTONE(0)"x64 at tab "Building Blocks". Discount: 0.0%(). Total price: 128.
01-03-2018 19:07:33| The player Hoovered sold item "COBBLESTONE(0)"x64 at tab "Building Blocks". Discount: 0.0%(). Total price: 128.
01-03-2018 19:07:33| The player SecurityCode sold item "COBBLESTONE(0)"x64 at tab "Building Blocks". Discount: 0.0%(). Total price: 128.
01-03-2018 19:07:34| The player SecurityCode sold item "COBBLESTONE(0)"x64 at tab "Building Blocks". Discount: 0.0%(). Total price: 128.
01-03-2018 19:07:34| The player Hoovered sold item "COBBLESTONE(0)"x64 at tab "Building Blocks". Discount: 0.0%(). Total price: 128.
01-03-2018 19:07:34| The player SecurityCode sold item "COBBLESTONE(0)"x64 at tab "Building Blocks". Discount: 0.0%(). Total price: 128.
01-03-2018 19:07:34| The player SecurityCode sold item "COBBLESTONE(0)"x64 at tab "Building Blocks". Discount: 0.0%(). Total price: 128.
01-03-2018 19:07:34| The player Hoovered sold item "COBBLESTONE(0)"x64 at tab "Building Blocks". Discount: 0.0%(). Total price: 128.
01-03-2018 19:07:34| The player Hoovered sold item "COBBLESTONE(0)"x64 at tab "Building Blocks". Discount: 0.0%(). Total price: 128.
01-03-2018 19:07:34| The player SecurityCode sold item "COBBLESTONE(0)"x64 at tab "Building Blocks". Discount: 0.0%(). Total price: 128.
01-03-2018 19:07:34| The player SecurityCode sold item "COBBLESTONE(0)"x64 at tab "Building Blocks". Discount: 0.0%(). Total price: 128.
01-03-2018 19:07:34| The player Hoovered sold item "COBBLESTONE(0)"x64 at tab "Building Blocks". Discount: 0.0%(). Total price: 128.
01-03-2018 19:07:34| The player SecurityCode sold item "COBBLESTONE(0)"x64 at tab "Building Blocks". Discount: 0.0%(). Total price: 128.
01-03-2018 19:07:34| The player Hoovered sold item "COBBLESTONE(0)"x64 at tab "Building Blocks". Discount: 0.0%(). Total price: 128.
01-03-2018 19:07:35| The player SecurityCode sold item "COBBLESTONE(0)"x64 at tab "Building Blocks". Discount: 0.0%(). Total price: 128.
01-03-2018 19:07:35| The player Hoovered sold item "COBBLESTONE(0)"x64 at tab "Building Blocks". Discount: 0.0%(). Total price: 128.
01-03-2018 19:07:35| The player SecurityCode sold item "COBBLESTONE(0)"x64 at tab "Building Blocks". Discount: 0.0%(). Total price: 128.
01-03-2018 19:07:35| The player Hoovered sold item "COBBLESTONE(0)"x64 at tab "Building Blocks". Discount: 0.0%(). Total price: 128.
01-03-2018 19:07:35| The player SecurityCode sold item "COBBLESTONE(0)"x64 at tab "Building Blocks". Discount: 0.0%(). Total price: 128.
01-03-2018 19:07:35| The player Hoovered sold item "COBBLESTONE(0)"x64 at tab "Building Blocks". Discount: 0.0%(). Total price: 128.
01-03-2018 19:07:35| The player SecurityCode sold item "COBBLESTONE(0)"x64 at tab "Building Blocks". Discount: 0.0%(). Total price: 128.
01-03-2018 19:07:35| The player Hoovered sold item "COBBLESTONE(0)"x64 at tab "Building Blocks". Discount: 0.0%(). Total price: 128.
01-03-2018 19:07:35| The player SecurityCode sold item "COBBLESTONE(0)"x64 at tab "Building Blocks". Discount: 0.0%(). Total price: 128.
01-03-2018 19:07:35| The player SecurityCode sold item "COBBLESTONE(0)"x64 at tab "Building Blocks". Discount: 0.0%(). Total price: 128.
01-03-2018 19:07:35| The player Hoovered sold item "COBBLESTONE(0)"x64 at tab "Building Blocks". Discount: 0.0%(). Total price: 128.
01-03-2018 19:07:35| The player Hoovered sold item "COBBLESTONE(0)"x64 at tab "Building Blocks". Discount: 0.0%(). Total price: 128.
01-03-2018 19:07:36| The player SecurityCode sold item "COBBLESTONE(0)"x64 at tab "Building Blocks". Discount: 0.0%(). Total price: 128.
01-03-2018 19:07:36| The player SecurityCode sold item "COBBLESTONE(0)"x64 at tab "Building Blocks". Discount: 0.0%(). Total price: 128.
01-03-2018 19:07:36| The player SecurityCode sold item "COBBLESTONE(0)"x64 at tab "Building Blocks". Discount: 0.0%(). Total price: 128.
01-03-2018 19:07:36| The player SecurityCode sold item "COBBLESTONE(0)"x64 at tab "Building Blocks". Discount: 0.0%(). Total price: 128.
01-03-2018 19:07:36| The player SecurityCode sold item "COBBLESTONE(0)"x64 at tab "Building Blocks". Discount: 0.0%(). Total price: 128.
01-03-2018 19:07:36| The player SecurityCode sold item "COBBLESTONE(0)"x64 at tab "Building Blocks". Discount: 0.0%(). Total price: 128.
01-03-2018 19:07:36| The player SecurityCode sold item "COBBLESTONE(0)"x64 at tab "Building Blocks". Discount: 0.0%(). Total price: 128.
01-03-2018 19:07:37| The player SecurityCode sold item "COBBLESTONE(0)"x64 at tab "Building Blocks". Discount: 0.0%(). Total price: 128.
01-03-2018 19:07:37| The player SecurityCode sold item "COBBLESTONE(0)"x64 at tab "Building Blocks". Discount: 0.0%(). Total price: 128.
01-03-2018 19:07:37| The player SecurityCode sold item "COBBLESTONE(0)"x64 at tab "Building Blocks". Discount: 0.0%(). Total price: 128.
01-03-2018 19:07:37| The player SecurityCode sold item "COBBLESTONE(0)"x64 at tab "Building Blocks". Discount: 0.0%(). Total price: 128.
01-03-2018 19:07:51| The player SecurityCode sold item "STONE(3)"x64 at tab "Building Blocks". Discount: 0.0%(). Total price: 128.
01-03-2018 19:07:52| The player SecurityCode sold item "COBBLESTONE(0)"x64 at tab "Building Blocks". Discount: 0.0%(). Total price: 128.
01-03-2018 19:07:52| The player SecurityCode sold item "COBBLESTONE(0)"x64 at tab "Building Blocks". Discount: 0.0%(). Total price: 128.
01-03-2018 19:07:52| The player SecurityCode sold item "COBBLESTONE(0)"x64 at tab "Building Blocks". Discount: 0.0%(). Total price: 128.
01-03-2018 19:07:52| The player SecurityCode sold item "COBBLESTONE(0)"x64 at tab "Building Blocks". Discount: 0.0%(). Total price: 128.
01-03-2018 19:07:52| The player SecurityCode sold item "COBBLESTONE(0)"x64 at tab "Building Blocks". Discount: 0.0%(). Total price: 128.
01-03-2018 19:07:52| The player SecurityCode sold item "COBBLESTONE(0)"x64 at tab "Building Blocks". Discount: 0.0%(). Total price: 128.
01-03-2018 19:07:53| The player SecurityCode sold item "COBBLESTONE(0)"x64 at tab "Building Blocks". Discount: 0.0%(). Total price: 128.
01-03-2018 19:07:53| The player SecurityCode sold item "COBBLESTONE(0)"x64 at tab "Building Blocks". Discount: 0.0%(). Total price: 128.
01-03-2018 19:07:53| The player SecurityCode sold item "COBBLESTONE(0)"x64 at tab "Building Blocks". Discount: 0.0%(). Total price: 128.
01-03-2018 19:07:53| The player SecurityCode sold item "COBBLESTONE(0)"x64 at tab "Building Blocks". Discount: 0.0%(). Total price: 128.
01-03-2018 19:07:53| The player SecurityCode sold item "COBBLESTONE(0)"x64 at tab "Building Blocks". Discount: 0.0%(). Total price: 128.
01-03-2018 19:07:54| The player SecurityCode sold item "STONE(1)"x64 at tab "Building Blocks". Discount: 0.0%(). Total price: 128.
01-03-2018 19:07:54| The player SecurityCode sold item "STONE(1)"x64 at tab "Building Blocks". Discount: 0.0%(). Total price: 128.
01-03-2018 19:07:55| The player SecurityCode sold item "STONE(5)"x64 at tab "Building Blocks". Discount: 0.0%(). Total price: 128.
01-03-2018 19:07:55| The player SecurityCode sold item "STONE(5)"x64 at tab "Building Blocks". Discount: 0.0%(). Total price: 128.
01-03-2018 19:07:56| The player SecurityCode sold item "COBBLESTONE(0)"x64 at tab "Building Blocks". Discount: 0.0%(). Total price: 128.
01-03-2018 19:07:56| The player SecurityCode sold item "COBBLESTONE(0)"x64 at tab "Building Blocks". Discount: 0.0%(). Total price: 128.
01-03-2018 19:07:56| The player SecurityCode sold item "COBBLESTONE(0)"x64 at tab "Building Blocks". Discount: 0.0%(). Total price: 128.
01-03-2018 19:07:57| The player SecurityCode sold item "COBBLESTONE(0)"x64 at tab "Building Blocks". Discount: 0.0%(). Total price: 128.
01-03-2018 19:07:57| The player SecurityCode sold item "COBBLESTONE(0)"x64 at tab "Building Blocks". Discount: 0.0%(). Total price: 128.
01-03-2018 19:07:57| The player SecurityCode sold item "COBBLESTONE(0)"x64 at tab "Building Blocks". Discount: 0.0%(). Total price: 128.
01-03-2018 19:07:57| The player SecurityCode sold item "COBBLESTONE(0)"x36 at tab "Building Blocks". Discount: 0.0%(). Total price: 72.
01-03-2018 19:08:04| The player Hoovered sold item "DIRT(0)"x64 at tab "Building Blocks". Discount: 0.0%(). Total price: 128.
01-03-2018 19:08:04| The player Hoovered sold item "DIRT(0)"x64 at tab "Building Blocks". Discount: 0.0%(). Total price: 128.
01-03-2018 19:08:05| The player Hoovered sold item "COBBLESTONE(0)"x64 at tab "Building Blocks". Discount: 0.0%(). Total price: 128.
01-03-2018 19:08:10| The player SecurityCode sold item "STONE(1)"x64 at tab "Building Blocks". Discount: 0.0%(). Total price: 128.
01-03-2018 19:08:10| The player SecurityCode sold item "STONE(1)"x29 at tab "Building Blocks". Discount: 0.0%(). Total price: 58.
01-03-2018 19:08:10| The player SecurityCode sold item "STONE(3)"x52 at tab "Building Blocks". Discount: 0.0%(). Total price: 104.
01-03-2018 19:10:34| The player Hoovered sold item "OBSIDIAN(0)"x64 at tab "Building Blocks". Discount: 0.0%(). Total price: 4160.
01-03-2018 19:10:35| The player Hoovered sold item "OBSIDIAN(0)"x64 at tab "Building Blocks". Discount: 0.0%(). Total price: 4160.
01-03-2018 19:10:35| The player Hoovered sold item "OBSIDIAN(0)"x64 at tab "Building Blocks". Discount: 0.0%(). Total price: 4160.
01-03-2018 19:10:35| The player Hoovered sold item "OBSIDIAN(0)"x64 at tab "Building Blocks". Discount: 0.0%(). Total price: 4160.
01-03-2018 19:10:35| The player Hoovered sold item "OBSIDIAN(0)"x64 at tab "Building Blocks". Discount: 0.0%(). Total price: 4160.
01-03-2018 19:10:36| The player Hoovered sold item "OBSIDIAN(0)"x64 at tab "Building Blocks". Discount: 0.0%(). Total price: 4160.
01-03-2018 19:10:36| The player Hoovered sold item "OBSIDIAN(0)"x64 at tab "Building Blocks". Discount: 0.0%(). Total price: 4160.
01-03-2018 19:10:36| The player Hoovered sold item "OBSIDIAN(0)"x64 at tab "Building Blocks". Discount: 0.0%(). Total price: 4160.
01-03-2018 19:10:36| The player Hoovered sold item "OBSIDIAN(0)"x64 at tab "Building Blocks". Discount: 0.0%(). Total price: 4160.
01-03-2018 19:10:36| The player Hoovered sold item "OBSIDIAN(0)"x64 at tab "Building Blocks". Discount: 0.0%(). Total price: 4160.
01-03-2018 19:11:26| The player men_ bought item "LAVA_BUCKET(0)"x1 at tab "Miscellaneous". Discount: 0.0%(). Total price: 100.
01-03-2018 19:12:12| The player men_ bought item "STONE(0)"x1 at tab "Building Blocks". Discount: 0.0%(). Total price: 6.
01-03-2018 19:12:21| The player men_ bought item "COBBLESTONE(0)"x1 at tab "Building Blocks". Discount: 0.0%(). Total price: 4.
01-03-2018 19:12:57| The player SecurityCode sold item "DIAMOND_BLOCK(0)"x7 at tab "Building Blocks". Discount: 0.0%(). Total price: 7000.
01-03-2018 19:13:12| The player Hoovered sold item "OBSIDIAN(0)"x64 at tab "Building Blocks". Discount: 0.0%(). Total price: 4160.
01-03-2018 19:13:13| The player Hoovered sold item "OBSIDIAN(0)"x64 at tab "Building Blocks". Discount: 0.0%(). Total price: 4160.
01-03-2018 19:13:13| The player Hoovered sold item "OBSIDIAN(0)"x64 at tab "Building Blocks". Discount: 0.0%(). Total price: 4160.
01-03-2018 19:13:13| The player Hoovered sold item "OBSIDIAN(0)"x64 at tab "Building Blocks". Discount: 0.0%(). Total price: 4160.
01-03-2018 19:13:13| The player Hoovered sold item "OBSIDIAN(0)"x64 at tab "Building Blocks". Discount: 0.0%(). Total price: 4160.
01-03-2018 19:13:13| The player Hoovered sold item "OBSIDIAN(0)"x64 at tab "Building Blocks". Discount: 0.0%(). Total price: 4160.
01-03-2018 19:13:14| The player Hoovered sold item "OBSIDIAN(0)"x64 at tab "Building Blocks". Discount: 0.0%(). Total price: 4160.
01-03-2018 19:13:14| The player Hoovered sold item "OBSIDIAN(0)"x64 at tab "Building Blocks". Discount: 0.0%(). Total price: 4160.
01-03-2018 19:13:14| The player Hoovered sold item "OBSIDIAN(0)"x64 at tab "Building Blocks". Discount: 0.0%(). Total price: 4160.
01-03-2018 19:13:14| The player Hoovered sold item "OBSIDIAN(0)"x64 at tab "Building Blocks". Discount: 0.0%(). Total price: 4160.
01-03-2018 19:13:15| The player Hoovered sold item "OBSIDIAN(0)"x64 at tab "Building Blocks". Discount: 0.0%(). Total price: 4160.
01-03-2018 19:13:15| The player Hoovered sold item "OBSIDIAN(0)"x64 at tab "Building Blocks". Discount: 0.0%(). Total price: 4160.
01-03-2018 19:13:15| The player Hoovered sold item "OBSIDIAN(0)"x64 at tab "Building Blocks". Discount: 0.0%(). Total price: 4160.
01-03-2018 19:13:15| The player Hoovered sold item "OBSIDIAN(0)"x64 at tab "Building Blocks". Discount: 0.0%(). Total price: 4160.
01-03-2018 19:13:15| The player Hoovered sold item "OBSIDIAN(0)"x8 at tab "Building Blocks". Discount: 0.0%(). Total price: 520.
01-03-2018 19:23:49| The player SecurityCode bought item "COBBLESTONE(0)"x1 at tab "Building Blocks". Discount: 0.0%(). Total price: 4.
01-03-2018 19:23:50| The player SecurityCode bought item "COBBLESTONE(0)"x16 at tab "Building Blocks". Discount: 0.0%(). Total price: 64.
01-03-2018 19:23:53| The player SecurityCode bought item "COBBLESTONE(0)"x64 at tab "Building Blocks". Discount: 0.0%(). Total price: 256.
01-03-2018 19:23:53| The player SecurityCode bought item "COBBLESTONE(0)"x64 at tab "Building Blocks". Discount: 0.0%(). Total price: 256.
01-03-2018 19:23:53| The player SecurityCode bought item "COBBLESTONE(0)"x64 at tab "Building Blocks". Discount: 0.0%(). Total price: 256.
01-03-2018 19:23:54| The player SecurityCode bought item "COBBLESTONE(0)"x16 at tab "Building Blocks". Discount: 0.0%(). Total price: 64.
01-03-2018 19:23:55| The player SecurityCode bought item "COBBLESTONE(0)"x16 at tab "Building Blocks". Discount: 0.0%(). Total price: 64.
01-03-2018 19:23:55| The player SecurityCode bought item "COBBLESTONE(0)"x16 at tab "Building Blocks". Discount: 0.0%(). Total price: 64.
01-03-2018 19:23:57| The player SecurityCode bought item "COBBLESTONE(0)"x16 at tab "Building Blocks". Discount: 0.0%(). Total price: 64.
01-03-2018 19:23:58| The player SecurityCode bought item "COBBLESTONE(0)"x16 at tab "Building Blocks". Discount: 0.0%(). Total price: 64.
01-03-2018 19:23:58| The player SecurityCode bought item "COBBLESTONE(0)"x16 at tab "Building Blocks". Discount: 0.0%(). Total price: 64.
01-03-2018 19:23:59| The player SecurityCode bought item "COBBLESTONE(0)"x1 at tab "Building Blocks". Discount: 0.0%(). Total price: 4.
01-03-2018 19:23:59| The player SecurityCode bought item "COBBLESTONE(0)"x1 at tab "Building Blocks". Discount: 0.0%(). Total price: 4.
01-03-2018 19:23:59| The player SecurityCode bought item "COBBLESTONE(0)"x64 at tab "Building Blocks". Discount: 0.0%(). Total price: 256.
01-03-2018 19:23:59| The player SecurityCode bought item "COBBLESTONE(0)"x1 at tab "Building Blocks". Discount: 0.0%(). Total price: 4.
01-03-2018 19:23:59| The player SecurityCode bought item "COBBLESTONE(0)"x1 at tab "Building Blocks". Discount: 0.0%(). Total price: 4.
01-03-2018 19:23:59| The player SecurityCode bought item "COBBLESTONE(0)"x64 at tab "Building Blocks". Discount: 0.0%(). Total price: 256.
01-03-2018 19:23:59| The player SecurityCode bought item "COBBLESTONE(0)"x1 at tab "Building Blocks". Discount: 0.0%(). Total price: 4.
01-03-2018 19:24:01| The player SecurityCode bought item "COBBLESTONE(0)"x16 at tab "Building Blocks". Discount: 0.0%(). Total price: 64.
01-03-2018 19:24:02| The player SecurityCode bought item "COBBLESTONE(0)"x1 at tab "Building Blocks". Discount: 0.0%(). Total price: 4.
01-03-2018 19:24:02| The player SecurityCode bought item "COBBLESTONE(0)"x1 at tab "Building Blocks". Discount: 0.0%(). Total price: 4.
01-03-2018 19:24:02| The player SecurityCode bought item "COBBLESTONE(0)"x1 at tab "Building Blocks". Discount: 0.0%(). Total price: 4.
01-03-2018 19:24:03| The player SecurityCode bought item "COBBLESTONE(0)"x64 at tab "Building Blocks". Discount: 0.0%(). Total price: 256.
01-03-2018 19:24:03| The player SecurityCode bought item "COBBLESTONE(0)"x1 at tab "Building Blocks". Discount: 0.0%(). Total price: 4.
01-03-2018 19:24:04| The player SecurityCode bought item "COBBLESTONE(0)"x1 at tab "Building Blocks". Discount: 0.0%(). Total price: 4.
01-03-2018 19:25:56| The player Hoovered bought item "QUARTZ_BLOCK(0)"x64 at tab "Building Blocks". Discount: 0.0%(). Total price: 4480.
01-03-2018 19:28:18| The player SecurityCode bought item "NETHERRACK(0)"x1 at tab "Building Blocks". Discount: 0.0%(). Total price: 18.
01-03-2018 19:28:19| The player SecurityCode bought item "NETHERRACK(0)"x16 at tab "Building Blocks". Discount: 0.0%(). Total price: 288.
01-03-2018 19:28:20| The player SecurityCode bought item "NETHERRACK(0)"x64 at tab "Building Blocks". Discount: 0.0%(). Total price: 1152.
01-03-2018 19:28:20| The player SecurityCode bought item "NETHERRACK(0)"x64 at tab "Building Blocks". Discount: 0.0%(). Total price: 1152.
01-03-2018 19:28:21| The player SecurityCode bought item "NETHERRACK(0)"x64 at tab "Building Blocks". Discount: 0.0%(). Total price: 1152.
01-03-2018 19:28:27| The player SecurityCode bought item "NETHER_BRICK(0)"x64 at tab "Building Blocks". Discount: 0.0%(). Total price: 1024.
01-03-2018 19:28:29| The player SecurityCode bought item "NETHER_BRICK(0)"x64 at tab "Building Blocks". Discount: 0.0%(). Total price: 1024.
01-03-2018 19:28:47| The player SecurityCode bought item "GLASS(0)"x64 at tab "Building Blocks". Discount: 0.0%(). Total price: 512.
01-03-2018 19:28:49| The player SecurityCode bought item "GLASS(0)"x64 at tab "Building Blocks". Discount: 0.0%(). Total price: 512.
01-03-2018 19:28:49| The player SecurityCode bought item "GLASS(0)"x64 at tab "Building Blocks". Discount: 0.0%(). Total price: 512.
01-03-2018 19:28:49| The player SecurityCode bought item "GLASS(0)"x64 at tab "Building Blocks". Discount: 0.0%(). Total price: 512.
01-03-2018 19:28:50| The player SecurityCode bought item "GLASS(0)"x64 at tab "Building Blocks". Discount: 0.0%(). Total price: 512.
01-03-2018 19:30:40| The player SecurityCode bought item "RED_ROSE(0)"x64 at tab "Decoration Blocks". Discount: 0.0%(). Total price: 192.
01-03-2018 19:30:41| The player SecurityCode bought item "RED_ROSE(0)"x64 at tab "Decoration Blocks". Discount: 0.0%(). Total price: 192.
01-03-2018 19:31:52| The player SecurityCode bought item "GOLDEN_APPLE(0)"x1 at tab "FoodStuffs". Discount: 0.0%(). Total price: 0.
01-03-2018 19:33:18| The player Hoovered bought item "BEDROCK(0)"x1 at tab "Building Blocks". Discount: 0.0%(). Total price: 20.
01-03-2018 19:35:44| The player KingShocker69 bought item "GLOWSTONE(0)"x64 at tab "Building Blocks". Discount: 0.0%(). Total price: 2560.
01-03-2018 19:36:50| The player KingShocker69 bought item "BEDROCK(0)"x64 at tab "Building Blocks". Discount: 0.0%(). Total price: 1280.
01-03-2018 19:37:08| The player KingShocker69 bought item "SMOOTH_BRICK(0)"x64 at tab "Building Blocks". Discount: 0.0%(). Total price: 640.
01-03-2018 19:37:08| The player KingShocker69 bought item "SMOOTH_BRICK(0)"x64 at tab "Building Blocks". Discount: 0.0%(). Total price: 640.
01-03-2018 19:37:08| The player KingShocker69 bought item "SMOOTH_BRICK(0)"x64 at tab "Building Blocks". Discount: 0.0%(). Total price: 640.
01-03-2018 19:37:08| The player KingShocker69 bought item "SMOOTH_BRICK(0)"x64 at tab "Building Blocks". Discount: 0.0%(). Total price: 640.
01-03-2018 19:37:09| The player KingShocker69 bought item "SMOOTH_BRICK(0)"x64 at tab "Building Blocks". Discount: 0.0%(). Total price: 640.
01-03-2018 19:37:09| The player KingShocker69 bought item "SMOOTH_BRICK(0)"x64 at tab "Building Blocks". Discount: 0.0%(). Total price: 640.
01-03-2018 19:37:09| The player KingShocker69 bought item "SMOOTH_BRICK(0)"x64 at tab "Building Blocks". Discount: 0.0%(). Total price: 640.
01-03-2018 19:37:09| The player KingShocker69 bought item "SMOOTH_BRICK(0)"x64 at tab "Building Blocks". Discount: 0.0%(). Total price: 640.
01-03-2018 19:37:09| The player KingShocker69 bought item "SMOOTH_BRICK(0)"x64 at tab "Building Blocks". Discount: 0.0%(). Total price: 640.
01-03-2018 19:37:09| The player KingShocker69 bought item "SMOOTH_BRICK(0)"x64 at tab "Building Blocks". Discount: 0.0%(). Total price: 640.
01-03-2018 19:37:09| The player KingShocker69 bought item "SMOOTH_BRICK(0)"x64 at tab "Building Blocks". Discount: 0.0%(). Total price: 640.
01-03-2018 19:37:09| The player KingShocker69 bought item "SMOOTH_BRICK(0)"x64 at tab "Building Blocks". Discount: 0.0%(). Total price: 640.
01-03-2018 19:39:50| The player Hoovered bought item "SKULL_ITEM(2)"x1 at tab "Decoration Blocks". Discount: 0.0%(). Total price: 100.
01-03-2018 19:40:16| The player KingShocker69 bought item "SKULL_ITEM(0)"x1 at tab "Decoration Blocks". Discount: 0.0%(). Total price: 100.
01-03-2018 19:40:20| The player KingShocker69 bought item "ENDER_CHEST(0)"x1 at tab "Decoration Blocks". Discount: 0.0%(). Total price: 100.
01-03-2018 19:40:35| The player SecurityCode bought item "NETHERRACK(0)"x64 at tab "Building Blocks". Discount: 0.0%(). Total price: 1152.
01-03-2018 19:40:37| The player SecurityCode bought item "NETHERRACK(0)"x64 at tab "Building Blocks". Discount: 0.0%(). Total price: 1152.
01-03-2018 19:40:37| The player SecurityCode bought item "NETHERRACK(0)"x64 at tab "Building Blocks". Discount: 0.0%(). Total price: 1152.
01-03-2018 19:47:51| The player SecurityCode bought item "WOOD(0)"x1 at tab "Building Blocks". Discount: 0.0%(). Total price: 4.
01-03-2018 19:47:53| The player SecurityCode bought item "WOOD(0)"x1 at tab "Building Blocks". Discount: 0.0%(). Total price: 4.
01-03-2018 19:47:55| The player SecurityCode bought item "WOOD(0)"x1 at tab "Building Blocks". Discount: 0.0%(). Total price: 4.
01-03-2018 19:47:56| The player SecurityCode bought item "WOOD(0)"x1 at tab "Building Blocks". Discount: 0.0%(). Total price: 4.
01-03-2018 19:47:56| The player SecurityCode bought item "WOOD(0)"x1 at tab "Building Blocks". Discount: 0.0%(). Total price: 4.
01-03-2018 19:47:57| The player SecurityCode bought item "WOOD(0)"x1 at tab "Building Blocks". Discount: 0.0%(). Total price: 4.
01-03-2018 19:48:49| The player Hoovered bought item "WATER_BUCKET(0)"x1 at tab "Miscellaneous". Discount: 0.0%(). Total price: 45.
01-03-2018 19:48:51| The player Hoovered bought item "WATER_BUCKET(0)"x1 at tab "Miscellaneous". Discount: 0.0%(). Total price: 45.
01-03-2018 19:49:55| The player SecurityCode bought item "WATER_BUCKET(0)"x1 at tab "Miscellaneous". Discount: 0.0%(). Total price: 45.
01-03-2018 19:49:56| The player SecurityCode bought item "WATER_BUCKET(0)"x1 at tab "Miscellaneous". Discount: 0.0%(). Total price: 45.
01-03-2018 19:49:56| The player SecurityCode bought item "WATER_BUCKET(0)"x1 at tab "Miscellaneous". Discount: 0.0%(). Total price: 45.
01-03-2018 19:49:57| The player SecurityCode bought item "WATER_BUCKET(0)"x1 at tab "Miscellaneous". Discount: 0.0%(). Total price: 45.
01-03-2018 19:49:57| The player SecurityCode bought item "WATER_BUCKET(0)"x1 at tab "Miscellaneous". Discount: 0.0%(). Total price: 45.
01-03-2018 20:03:17| The player SecurityCode sold item "COBBLESTONE(0)"x64 at tab "Building Blocks". Discount: 0.0%(). Total price: 128.
01-03-2018 20:03:18| The player SecurityCode sold item "COBBLESTONE(0)"x64 at tab "Building Blocks". Discount: 0.0%(). Total price: 128.
01-03-2018 20:03:18| The player SecurityCode sold item "COBBLESTONE(0)"x64 at tab "Building Blocks". Discount: 0.0%(). Total price: 128.
01-03-2018 20:03:18| The player SecurityCode sold item "COBBLESTONE(0)"x64 at tab "Building Blocks". Discount: 0.0%(). Total price: 128.
01-03-2018 20:03:18| The player SecurityCode sold item "COBBLESTONE(0)"x64 at tab "Building Blocks". Discount: 0.0%(). Total price: 128.
01-03-2018 20:03:18| The player SecurityCode sold item "COBBLESTONE(0)"x64 at tab "Building Blocks". Discount: 0.0%(). Total price: 128.
01-03-2018 20:03:19| The player SecurityCode sold item "COBBLESTONE(0)"x64 at tab "Building Blocks". Discount: 0.0%(). Total price: 128.
01-03-2018 20:03:19| The player SecurityCode sold item "COBBLESTONE(0)"x64 at tab "Building Blocks". Discount: 0.0%(). Total price: 128.
01-03-2018 20:03:19| The player SecurityCode sold item "COBBLESTONE(0)"x64 at tab "Building Blocks". Discount: 0.0%(). Total price: 128.
01-03-2018 20:03:23| The player SecurityCode sold item "COBBLESTONE(0)"x64 at tab "Building Blocks". Discount: 0.0%(). Total price: 128.
01-03-2018 20:03:23| The player SecurityCode sold item "COBBLESTONE(0)"x64 at tab "Building Blocks". Discount: 0.0%(). Total price: 128.
01-03-2018 20:03:23| The player SecurityCode sold item "COBBLESTONE(0)"x64 at tab "Building Blocks". Discount: 0.0%(). Total price: 128.
01-03-2018 20:03:23| The player SecurityCode sold item "COBBLESTONE(0)"x64 at tab "Building Blocks". Discount: 0.0%(). Total price: 128.
01-03-2018 20:03:24| The player SecurityCode sold item "COBBLESTONE(0)"x64 at tab "Building Blocks". Discount: 0.0%(). Total price: 128.
01-03-2018 20:03:24| The player SecurityCode sold item "COBBLESTONE(0)"x64 at tab "Building Blocks". Discount: 0.0%(). Total price: 128.
01-03-2018 20:03:24| The player SecurityCode sold item "COBBLESTONE(0)"x64 at tab "Building Blocks". Discount: 0.0%(). Total price: 128.
01-03-2018 20:03:24| The player SecurityCode sold item "COBBLESTONE(0)"x64 at tab "Building Blocks". Discount: 0.0%(). Total price: 128.
01-03-2018 20:03:24| The player SecurityCode sold item "COBBLESTONE(0)"x64 at tab "Building Blocks". Discount: 0.0%(). Total price: 128.
01-03-2018 20:03:25| The player SecurityCode sold item "COBBLESTONE(0)"x64 at tab "Building Blocks". Discount: 0.0%(). Total price: 128.
01-03-2018 20:03:25| The player SecurityCode sold item "COBBLESTONE(0)"x64 at tab "Building Blocks". Discount: 0.0%(). Total price: 128.
01-03-2018 20:03:25| The player SecurityCode sold item "COBBLESTONE(0)"x64 at tab "Building Blocks". Discount: 0.0%(). Total price: 128.
01-03-2018 20:03:25| The player SecurityCode sold item "COBBLESTONE(0)"x64 at tab "Building Blocks". Discount: 0.0%(). Total price: 128.
01-03-2018 20:03:25| The player SecurityCode sold item "COBBLESTONE(0)"x64 at tab "Building Blocks". Discount: 0.0%(). Total price: 128.
01-03-2018 20:03:26| The player SecurityCode sold item "COBBLESTONE(0)"x64 at tab "Building Blocks". Discount: 0.0%(). Total price: 128.
01-03-2018 20:03:26| The player SecurityCode sold item "COBBLESTONE(0)"x64 at tab "Building Blocks". Discount: 0.0%(). Total price: 128.
01-03-2018 20:03:26| The player SecurityCode sold item "COBBLESTONE(0)"x64 at tab "Building Blocks". Discount: 0.0%(). Total price: 128.
01-03-2018 20:03:26| The player SecurityCode sold item "COBBLESTONE(0)"x64 at tab "Building Blocks". Discount: 0.0%(). Total price: 128.
01-03-2018 20:03:26| The player SecurityCode sold item "COBBLESTONE(0)"x64 at tab "Building Blocks". Discount: 0.0%(). Total price: 128.
01-03-2018 20:03:27| The player SecurityCode sold item "COBBLESTONE(0)"x19 at tab "Building Blocks". Discount: 0.0%(). Total price: 38.
01-03-2018 20:04:59| The player SecurityCode bought item "FIREBALL(0)"x64 at tab "Miscellaneous". Discount: 0.0%(). Total price: 3200.
01-03-2018 20:06:22| The player Hoovered bought item "COOKED_CHICKEN(0)"x1 at tab "FoodStuffs". Discount: 0.0%(). Total price: 5.
01-03-2018 20:09:23| The player men_ bought item "COBBLESTONE(0)"x64 at tab "Building Blocks". Discount: 0.0%(). Total price: 256.
01-03-2018 20:10:54| The player Hoovered bought item "MONSTER_EGG(0)"x1 at tab "Miscellaneous". Discount: 0.0%(). Total price: 10000.
01-03-2018 20:14:36| The player men_ bought item "LAVA_BUCKET(0)"x18 at tab "Miscellaneous". Discount: 0.0%(). Total price: 1800.
01-03-2018 20:15:13| The player SecurityCode bought item "CHEST(0)"x1 at tab "Decoration Blocks". Discount: 0.0%(). Total price: 8.
01-03-2018 20:15:14| The player SecurityCode bought item "CHEST(0)"x1 at tab "Decoration Blocks". Discount: 0.0%(). Total price: 8.
01-03-2018 20:15:15| The player SecurityCode bought item "TRAPPED_CHEST(0)"x1 at tab "Decoration Blocks". Discount: 0.0%(). Total price: 20.
01-03-2018 20:15:15| The player SecurityCode bought item "TRAPPED_CHEST(0)"x1 at tab "Decoration Blocks". Discount: 0.0%(). Total price: 20.
01-03-2018 21:50:53| The player MemeLord00 bought item "WOOD(0)"x1 at tab "Building Blocks". Discount: 0.0%(). Total price: 4.
01-03-2018 21:50:54| The player MemeLord00 bought item "WOOD(0)"x1 at tab "Building Blocks". Discount: 0.0%(). Total price: 4.
01-03-2018 21:50:54| The player MemeLord00 bought item "WOOD(0)"x1 at tab "Building Blocks". Discount: 0.0%(). Total price: 4.
01-03-2018 21:50:55| The player MemeLord00 bought item "WOOD(0)"x1 at tab "Building Blocks". Discount: 0.0%(). Total price: 4.
01-03-2018 21:50:55| The player MemeLord00 bought item "WOOD(0)"x1 at tab "Building Blocks". Discount: 0.0%(). Total price: 4.
01-03-2018 21:50:55| The player MemeLord00 bought item "WOOD(0)"x1 at tab "Building Blocks". Discount: 0.0%(). Total price: 4.
01-03-2018 21:50:56| The player MemeLord00 bought item "WOOD(0)"x1 at tab "Building Blocks". Discount: 0.0%(). Total price: 4.
01-03-2018 21:50:56| The player MemeLord00 bought item "WOOD(0)"x1 at tab "Building Blocks". Discount: 0.0%(). Total price: 4.
01-03-2018 21:50:56| The player MemeLord00 bought item "WOOD(0)"x64 at tab "Building Blocks". Discount: 0.0%(). Total price: 256.
01-03-2018 21:50:56| The player MemeLord00 bought item "WOOD(0)"x1 at tab "Building Blocks". Discount: 0.0%(). Total price: 4.
01-03-2018 21:50:56| The player MemeLord00 bought item "WOOD(0)"x1 at tab "Building Blocks". Discount: 0.0%(). Total price: 4.
01-03-2018 21:50:56| The player MemeLord00 bought item "WOOD(0)"x64 at tab "Building Blocks". Discount: 0.0%(). Total price: 256.
01-03-2018 21:50:56| The player MemeLord00 bought item "WOOD(0)"x1 at tab "Building Blocks". Discount: 0.0%(). Total price: 4.
01-03-2018 21:50:57| The player MemeLord00 bought item "WOOD(0)"x1 at tab "Building Blocks". Discount: 0.0%(). Total price: 4.
01-03-2018 21:50:57| The player MemeLord00 bought item "WOOD(0)"x64 at tab "Building Blocks". Discount: 0.0%(). Total price: 256.
02-03-2018 00:34:07| The player Tanis1007 bought item "WATER_LILY(0)"x1 at tab "Decoration Blocks". Discount: 0.0%(). Total price: 10.
02-03-2018 00:34:08| The player Tanis1007 bought item "WATER_LILY(0)"x1 at tab "Decoration Blocks". Discount: 0.0%(). Total price: 10.
02-03-2018 07:45:51| The player xXDRA60NSLAYERXx bought item "WATER_LILY(0)"x1 at tab "Decoration Blocks". Discount: 0.0%(). Total price: 10.
02-03-2018 11:46:56| The player Hoovered bought item "God Helmet"x1 at tab "Enchanted combat items". Discount: 0.0%(). Total price: 7500.
02-03-2018 11:46:57| The player Hoovered bought item "God Chestplate"x1 at tab "Enchanted combat items". Discount: 0.0%(). Total price: 12000.
02-03-2018 11:46:57| The player Hoovered bought item "God Leggings"x1 at tab "Enchanted combat items". Discount: 0.0%(). Total price: 10500.
02-03-2018 11:46:58| The player Hoovered bought item "God Boots"x1 at tab "Enchanted combat items". Discount: 0.0%(). Total price: 6000.
02-03-2018 11:46:59| The player Hoovered bought item "God Sword"x1 at tab "Enchanted combat items". Discount: 0.0%(). Total price: 7500.
02-03-2018 11:47:00| The player Hoovered bought item "God Bow"x1 at tab "Enchanted combat items". Discount: 0.0%(). Total price: 7500.
02-03-2018 11:47:07| The player Hoovered bought item "God Pickaxe"x1 at tab "Enchanted tools". Discount: 0.0%(). Total price: 4000.
02-03-2018 11:47:12| The player Hoovered bought item "God Axe"x1 at tab "Enchanted tools". Discount: 0.0%(). Total price: 4000.
02-03-2018 11:56:08| The player Hotty264 bought item "INK_SACK(13)"x1 at tab "Materials". Discount: 0.0%(). Total price: 8.
02-03-2018 11:56:13| The player Hotty264 bought item "SANDSTONE(0)"x1 at tab "Building Blocks". Discount: 0.0%(). Total price: 5.
