[20:41:12] [Server thread/INFO]: Starting minecraft server version 1.8.8
[20:41:12] [Server thread/WARN]: To start the server with more ram, launch it as "java -Xmx1024M -Xms1024M -jar minecraft_server.jar"
[20:41:12] [Server thread/INFO]: Loading properties
[20:41:12] [Server console handler/ERROR]: Exception handling console input
java.io.IOException: The handle is invalid
	at java.io.FileInputStream.readBytes(Native Method) ~[?:1.8.0_161]
	at java.io.FileInputStream.read(Unknown Source) ~[?:1.8.0_161]
	at java.io.BufferedInputStream.fill(Unknown Source) ~[?:1.8.0_161]
	at java.io.BufferedInputStream.read(Unknown Source) ~[?:1.8.0_161]
	at org.bukkit.craftbukkit.libs.jline.internal.NonBlockingInputStream.read(NonBlockingInputStream.java:248) ~[spigot.jar:git-Spigot-e4d4710-e1ebe52]
	at org.bukkit.craftbukkit.libs.jline.internal.InputStreamReader.read(InputStreamReader.java:261) ~[spigot.jar:git-Spigot-e4d4710-e1ebe52]
	at org.bukkit.craftbukkit.libs.jline.internal.InputStreamReader.read(InputStreamReader.java:198) ~[spigot.jar:git-Spigot-e4d4710-e1ebe52]
	at org.bukkit.craftbukkit.libs.jline.console.ConsoleReader.readCharacter(ConsoleReader.java:2145) ~[spigot.jar:git-Spigot-e4d4710-e1ebe52]
	at org.bukkit.craftbukkit.libs.jline.console.ConsoleReader.readLineSimple(ConsoleReader.java:3183) ~[spigot.jar:git-Spigot-e4d4710-e1ebe52]
	at org.bukkit.craftbukkit.libs.jline.console.ConsoleReader.readLine(ConsoleReader.java:2333) ~[spigot.jar:git-Spigot-e4d4710-e1ebe52]
	at org.bukkit.craftbukkit.libs.jline.console.ConsoleReader.readLine(ConsoleReader.java:2269) ~[spigot.jar:git-Spigot-e4d4710-e1ebe52]
	at org.bukkit.craftbukkit.libs.jline.console.ConsoleReader.readLine(ConsoleReader.java:2257) ~[spigot.jar:git-Spigot-e4d4710-e1ebe52]
	at net.minecraft.server.v1_8_R3.DedicatedServer$2.run(DedicatedServer.java:81) [spigot.jar:git-Spigot-e4d4710-e1ebe52]
[20:41:12] [Server thread/INFO]: Default game type: SURVIVAL
[20:41:12] [Server thread/INFO]: This server is running CraftBukkit version git-Spigot-e4d4710-e1ebe52 (MC: 1.8.8) (Implementing API version 1.8.8-R0.1-SNAPSHOT)
[20:41:12] [Server thread/INFO]: Debug logging is disabled
[20:41:12] [Server thread/INFO]: Using 4 threads for Netty based IO
[20:41:12] [Server thread/INFO]: Server Ping Player Sample Count: 12
[20:41:13] [Server thread/INFO]: Generating keypair
[20:41:13] [Server thread/INFO]: Starting Minecraft server on *:25565
[20:41:13] [Server thread/INFO]: Using default channel type
[20:41:13] [Server thread/ERROR]: Could not load 'plugins\Clearlag.jar' in folder 'plugins'
org.bukkit.plugin.InvalidDescriptionException: Invalid plugin.yml
	at org.bukkit.plugin.java.JavaPluginLoader.getPluginDescription(JavaPluginLoader.java:162) ~[spigot.jar:git-Spigot-e4d4710-e1ebe52]
	at org.bukkit.plugin.SimplePluginManager.loadPlugins(SimplePluginManager.java:133) [spigot.jar:git-Spigot-e4d4710-e1ebe52]
	at org.bukkit.craftbukkit.v1_8_R3.CraftServer.loadPlugins(CraftServer.java:292) [spigot.jar:git-Spigot-e4d4710-e1ebe52]
	at net.minecraft.server.v1_8_R3.DedicatedServer.init(DedicatedServer.java:198) [spigot.jar:git-Spigot-e4d4710-e1ebe52]
	at net.minecraft.server.v1_8_R3.MinecraftServer.run(MinecraftServer.java:525) [spigot.jar:git-Spigot-e4d4710-e1ebe52]
	at java.lang.Thread.run(Unknown Source) [?:1.8.0_161]
Caused by: java.util.zip.ZipException: error in opening zip file
	at java.util.zip.ZipFile.open(Native Method) ~[?:1.8.0_161]
	at java.util.zip.ZipFile.<init>(Unknown Source) ~[?:1.8.0_161]
	at java.util.zip.ZipFile.<init>(Unknown Source) ~[?:1.8.0_161]
	at java.util.jar.JarFile.<init>(Unknown Source) ~[?:1.8.0_161]
	at java.util.jar.JarFile.<init>(Unknown Source) ~[?:1.8.0_161]
	at org.bukkit.plugin.java.JavaPluginLoader.getPluginDescription(JavaPluginLoader.java:150) ~[spigot.jar:git-Spigot-e4d4710-e1ebe52]
	... 5 more
[20:41:13] [Server thread/ERROR]: Could not load 'plugins\PlugMan.jar' in folder 'plugins'
org.bukkit.plugin.InvalidDescriptionException: Invalid plugin.yml
	at org.bukkit.plugin.java.JavaPluginLoader.getPluginDescription(JavaPluginLoader.java:162) ~[spigot.jar:git-Spigot-e4d4710-e1ebe52]
	at org.bukkit.plugin.SimplePluginManager.loadPlugins(SimplePluginManager.java:133) [spigot.jar:git-Spigot-e4d4710-e1ebe52]
	at org.bukkit.craftbukkit.v1_8_R3.CraftServer.loadPlugins(CraftServer.java:292) [spigot.jar:git-Spigot-e4d4710-e1ebe52]
	at net.minecraft.server.v1_8_R3.DedicatedServer.init(DedicatedServer.java:198) [spigot.jar:git-Spigot-e4d4710-e1ebe52]
	at net.minecraft.server.v1_8_R3.MinecraftServer.run(MinecraftServer.java:525) [spigot.jar:git-Spigot-e4d4710-e1ebe52]
	at java.lang.Thread.run(Unknown Source) [?:1.8.0_161]
Caused by: java.util.zip.ZipException: zip file is empty
	at java.util.zip.ZipFile.open(Native Method) ~[?:1.8.0_161]
	at java.util.zip.ZipFile.<init>(Unknown Source) ~[?:1.8.0_161]
	at java.util.zip.ZipFile.<init>(Unknown Source) ~[?:1.8.0_161]
	at java.util.jar.JarFile.<init>(Unknown Source) ~[?:1.8.0_161]
	at java.util.jar.JarFile.<init>(Unknown Source) ~[?:1.8.0_161]
	at org.bukkit.plugin.java.JavaPluginLoader.getPluginDescription(JavaPluginLoader.java:150) ~[spigot.jar:git-Spigot-e4d4710-e1ebe52]
	... 5 more
[20:41:13] [Server thread/ERROR]: Could not load 'plugins\SilkSpawners.jar' in folder 'plugins'
org.bukkit.plugin.InvalidDescriptionException: Invalid plugin.yml
	at org.bukkit.plugin.java.JavaPluginLoader.getPluginDescription(JavaPluginLoader.java:162) ~[spigot.jar:git-Spigot-e4d4710-e1ebe52]
	at org.bukkit.plugin.SimplePluginManager.loadPlugins(SimplePluginManager.java:133) [spigot.jar:git-Spigot-e4d4710-e1ebe52]
	at org.bukkit.craftbukkit.v1_8_R3.CraftServer.loadPlugins(CraftServer.java:292) [spigot.jar:git-Spigot-e4d4710-e1ebe52]
	at net.minecraft.server.v1_8_R3.DedicatedServer.init(DedicatedServer.java:198) [spigot.jar:git-Spigot-e4d4710-e1ebe52]
	at net.minecraft.server.v1_8_R3.MinecraftServer.run(MinecraftServer.java:525) [spigot.jar:git-Spigot-e4d4710-e1ebe52]
	at java.lang.Thread.run(Unknown Source) [?:1.8.0_161]
Caused by: java.util.zip.ZipException: zip file is empty
	at java.util.zip.ZipFile.open(Native Method) ~[?:1.8.0_161]
	at java.util.zip.ZipFile.<init>(Unknown Source) ~[?:1.8.0_161]
	at java.util.zip.ZipFile.<init>(Unknown Source) ~[?:1.8.0_161]
	at java.util.jar.JarFile.<init>(Unknown Source) ~[?:1.8.0_161]
	at java.util.jar.JarFile.<init>(Unknown Source) ~[?:1.8.0_161]
	at org.bukkit.plugin.java.JavaPluginLoader.getPluginDescription(JavaPluginLoader.java:150) ~[spigot.jar:git-Spigot-e4d4710-e1ebe52]
	... 5 more
[20:41:13] [Server thread/ERROR]: Ambiguous plugin name `WorldGuard' for files `plugins\WorldGuard.jar' and `plugins\worldguard-6.1.jar' in `plugins'
[20:41:13] [Server thread/INFO]: Set PluginClassLoader as parallel capable
[20:41:13] [Server thread/INFO]: [AsyncWorldEditInjector] Loading AsyncWorldEditInjector v2.3.0
[20:41:13] [Server thread/INFO]: [PlayerHeads] Loading PlayerHeads v3.10-SNAPSHOT-jenkins-PlayerHeads-1-61-g39b94b4
[20:41:13] [Server thread/INFO]: [WorldEdit] Loading WorldEdit v6.1.1-SNAPSHOT;3501-c85c9f7
[20:41:13] [Server thread/INFO]: [TabPrefix] Loading TabPrefix v5.6.3
[20:41:13] [Server thread/INFO]: [Essentials] Loading Essentials vTeamCity
[20:41:13] [Server thread/INFO]: [GroupManager] Loading GroupManager v2.1.30 (Phoenix)
[20:41:13] [Server thread/INFO]: [ChatControl] Loading ChatControl v5.3.2
[20:41:13] [Server thread/INFO]: [WorldBorder] Loading WorldBorder v1.8.4
[20:41:13] [Server thread/INFO]: [FactionsBreak] Loading FactionsBreak v1.0
[20:41:13] [Server thread/INFO]: [TnTFill] Loading TnTFill v1
[20:41:13] [Server thread/INFO]: [Votifier] Loading Votifier v1.9
[20:41:13] [Server thread/INFO]: [eFix] Loading eFix v1.0
[20:41:13] [Server thread/INFO]: [Multiverse-Core] Loading Multiverse-Core v2.4-b527
[20:41:13] [Server thread/INFO]: [WorldGuard] Loading WorldGuard v5.8
[20:41:13] [Server thread/INFO]: [GUIShop] Loading GUIShop v4.2.2
[20:41:13] [Server thread/INFO]: [KitAdder] Loading KitAdder v2.3
[20:41:13] [Server thread/INFO]: [MVdWPlaceholderAPI] Loading MVdWPlaceholderAPI v1.0.0
[20:41:13] [Server thread/INFO]: [AsyncWorldEdit] Loading AsyncWorldEdit v2.3.1
[20:41:13] [Server thread/INFO]: [VoxelSniper] Loading VoxelSniper v5.170.0-SNAPSHOT-jnks317-gitfcb8fe1
[20:41:13] [Server thread/INFO]: [EditableSign] Loading EditableSign v1.2.7
[20:41:13] [Server thread/INFO]: [ObsidianBreak] Loading ObsidianBreak v1.0
[20:41:13] [Server thread/INFO]: [NoteBlockAPI] Loading NoteBlockAPI v1.1.0
[20:41:13] [Server thread/INFO]: [SuperbVote] Loading SuperbVote v0.3.2
[20:41:13] [Server thread/INFO]: [mcMMO] Loading mcMMO v1.5.04-SNAPSHOT-b${BUILD_NUMBER}
[20:41:13] [Server thread/INFO]: [ViaVersion] Loading ViaVersion v0.9.8
[20:41:14] [Server thread/INFO]: [ViaVersion] ViaVersion 0.9.8 is now loaded, injecting!
[20:41:14] [Server thread/INFO]: [ActionAnnouncer] Loading ActionAnnouncer v1.9.1
[20:41:14] [Server thread/INFO]: [GAListener] Loading GAListener v1.3.1
[20:41:14] [Server thread/INFO]: [Vault] Loading Vault v1.5.6-b49
[20:41:14] [Server thread/INFO]: [EssentialsSpawn] Loading EssentialsSpawn vTeamCity
[20:41:14] [Server thread/INFO]: [MyCommand] Loading MyCommand v5.3.4
[20:41:14] [Server thread/INFO]: [MassiveCore] Loading MassiveCore v2.8.2
[20:41:14] [Server thread/INFO]: TimeUnit.MILLIS_PER_MINUTE: 60000
[20:41:14] [Server thread/INFO]: [TitleManager] Loading TitleManager v1.4.0
[20:41:14] [Server thread/INFO]: [SpawnerShop] Loading SpawnerShop v3.2
[20:41:14] [Server thread/INFO]: [EpicRename] Loading EpicRename v2.3
[20:41:14] [Server thread/INFO]: [Banknotes] Loading Banknotes v1.8.0
[20:41:14] [Server thread/INFO]: [CrateReloaded] Loading CrateReloaded v1.3.27
[20:41:14] [Server thread/INFO]: [WarpPortals] Loading WarpPortals v5.6.3
[20:41:14] [Server thread/INFO]: [ProtocolLib] Loading ProtocolLib v3.6.4
[20:41:14] [Server thread/WARN]: [ProtocolLib] Version (MC: 1.8.8) has not yet been tested! Proceed with caution.
[20:41:14] [Server thread/INFO]: [Factions] Loading Factions v1.6.9.5-U0.1.18-b${BUILD_NUMBER}
[20:41:14] [Server thread/INFO]: [MobStacker] Loading MobStacker v2.0.0
[20:41:14] [Server thread/INFO]: [ChestCommands] Loading ChestCommands v3.1.1
[20:41:14] [Server thread/INFO]: [PlayerVaults] Loading PlayerVaults v3.5.6-b181
[20:41:14] [Server thread/INFO]: [CrazyEnchantments] Loading CrazyEnchantments v1.6.5.1
[20:41:14] [Server thread/INFO]: [CombatLog] Loading CombatLog v1.8.11-hack
[20:41:14] [Server thread/INFO]: [FBasics] Loading FBasics v2.1.6
[20:41:14] [Server thread/INFO]: [HolographicDisplays] Loading HolographicDisplays v2.1.10
[20:41:14] [Server thread/INFO]: [AsyncWorldEditInjector] Enabling AsyncWorldEditInjector v2.3.0
[20:41:14] [Server thread/INFO]: [AsyncWorldEditInjector] Injector platform set to: InjectorBukkit
[20:41:14] [Server thread/INFO]: [AsyncWorldEditInjector] Injecting WorldEdit classes...
[20:41:14] [Server thread/INFO]: [AsyncWorldEditInjector] Class com.sk89q.worldedit.EditSession injected.
[20:41:14] [Server thread/INFO]: [AsyncWorldEditInjector] Class com.sk89q.worldedit.function.operation.Operations injected.
[20:41:14] [Server thread/INFO]: [AsyncWorldEditInjector] Class com.sk89q.worldedit.command.SchematicCommands injected.
[20:41:14] [Server thread/INFO]: [AsyncWorldEditInjector] Class com.sk89q.worldedit.command.ScriptingCommands injected.
[20:41:14] [Server thread/INFO]: [AsyncWorldEditInjector] Class com.sk89q.worldedit.command.RegionCommands injected.
[20:41:14] [Server thread/INFO]: [AsyncWorldEditInjector] Enabled
[20:41:14] [Server thread/INFO]: [mcMMO] Enabling mcMMO v1.5.04-SNAPSHOT-b${BUILD_NUMBER}
[20:41:14] [Server thread/INFO]: [Vault] Enabling Vault v1.5.6-b49
[20:41:14] [Server thread/INFO]: [Vault] [Economy] Essentials Economy found: Waiting
[20:41:14] [Server thread/INFO]: [Vault] [Permission] GroupManager found: Waiting
[20:41:14] [Server thread/INFO]: [Vault] [Permission] SuperPermissions loaded as backup permission system.
[20:41:14] [Server thread/INFO]: [Vault] [Chat] GroupManager found: Waiting
[20:41:14] [Server thread/INFO]: [Vault] Enabled Version 1.5.6-b49
[20:41:14] [Server thread/INFO]: [MassiveCore] Enabling MassiveCore v2.8.2
[20:41:14] [Server thread/INFO]: [MassiveCore 2.8.2] === ENABLE START ===
[20:41:15] [Server thread/INFO]: [MassiveCore 2.8.2] Loading Cachefile datas...
[20:41:15] [Server thread/INFO]: [MassiveCore 2.8.2] Loading Onlineplayer datas...
[20:41:15] [Server thread/INFO]: [MassiveCore 2.8.2] Loading Registry datas...
[20:41:15] [Server thread/INFO]: [MassiveCore 2.8.2] Saving Cachefile...
[20:41:15] [Server thread/INFO]: [MassiveCore 2.8.2] Setup of IdUtil took 12ms.
[20:41:15] [Server thread/INFO]: [MassiveCore 2.8.2] Activated integration with Vault
[20:41:15] [Server thread/INFO]: [MassiveCore 2.8.2] === ENABLE COMPLETE (Took 149ms) ===
[20:41:15] [Server thread/INFO]: [ProtocolLib] Enabling ProtocolLib v3.6.4
[20:41:15] [Server thread/INFO]: [ProtocolLib] Started structure compiler thread.
[20:41:15] [Server thread/WARN]: **** SERVER IS RUNNING IN OFFLINE/INSECURE MODE!
[20:41:15] [Server thread/WARN]: The server will make no attempt to authenticate usernames. Beware.
[20:41:15] [Server thread/WARN]: While this makes the game possible to play without internet access, it also opens up the ability for hackers to connect with any username they choose.
[20:41:15] [Server thread/WARN]: To change this, set "online-mode" to "true" in the server.properties file.
[20:41:15] [Server thread/INFO]: **** Beginning UUID conversion, this may take A LONG time ****
[20:41:15] [Server thread/INFO]: Preparing level "world"
[20:41:15] [Server thread/INFO]: -------- World Settings For [world] --------
[20:41:15] [Server thread/INFO]: View Distance: 10
[20:41:15] [Server thread/INFO]: Item Despawn Rate: 6000
[20:41:15] [Server thread/INFO]: Item Merge Radius: 2.5
[20:41:15] [Server thread/INFO]: Allow Zombie Pigmen to spawn from portal blocks: true
[20:41:15] [Server thread/INFO]: Arrow Despawn Rate: 1200
[20:41:15] [Server thread/INFO]: Zombie Aggressive Towards Villager: true
[20:41:15] [Server thread/INFO]: Chunks to Grow per Tick: 650
[20:41:15] [Server thread/INFO]: Clear tick list: false
[20:41:15] [Server thread/INFO]: Experience Merge Radius: 3.0
[20:41:15] [Server thread/INFO]: Anti X-Ray: true
[20:41:15] [Server thread/INFO]: 	Engine Mode: 1
[20:41:15] [Server thread/INFO]: 	Hidden Blocks: [14, 15, 16, 21, 48, 49, 54, 56, 73, 74, 82, 129, 130]
[20:41:15] [Server thread/INFO]: 	Replace Blocks: [1, 5]
[20:41:15] [Server thread/INFO]: Hopper Transfer: 8 Hopper Check: 8 Hopper Amount: 1
[20:41:15] [Server thread/INFO]: Mob Spawn Range: 4
[20:41:15] [Server thread/INFO]: Nerfing mobs spawned from spawners: false
[20:41:15] [Server thread/INFO]: Cactus Growth Modifier: 100%
[20:41:15] [Server thread/INFO]: Cane Growth Modifier: 100%
[20:41:15] [Server thread/INFO]: Melon Growth Modifier: 100%
[20:41:15] [Server thread/INFO]: Mushroom Growth Modifier: 100%
[20:41:15] [Server thread/INFO]: Pumpkin Growth Modifier: 100%
[20:41:15] [Server thread/INFO]: Sapling Growth Modifier: 100%
[20:41:15] [Server thread/INFO]: Wheat Growth Modifier: 100%
[20:41:15] [Server thread/INFO]: NetherWart Growth Modifier: 100%
[20:41:15] [Server thread/INFO]: Random Lighting Updates: false
[20:41:15] [Server thread/INFO]: Sending up to 10 chunks per packet
[20:41:15] [Server thread/INFO]: Max TNT Explosions: 100
[20:41:15] [Server thread/INFO]: Tile Max Tick Time: 50ms Entity max Tick Time: 50ms
[20:41:15] [Server thread/INFO]: Structure Info Saving: true
[20:41:15] [Server thread/INFO]: Entity Activation Range: An 32 / Mo 32 / Mi 16
[20:41:15] [Server thread/INFO]: Entity Tracking Range: Pl 48 / An 48 / Mo 48 / Mi 32 / Other 64
[20:41:15] [Server thread/INFO]: Max Entity Collisions: 8
[20:41:15] [Server thread/INFO]: Custom Map Seeds:  Village: 10387312 Feature: 14357617
[20:41:15] [Server thread/INFO]: -------- World Settings For [world_nether] --------
[20:41:15] [Server thread/INFO]: View Distance: 10
[20:41:15] [Server thread/INFO]: Item Despawn Rate: 6000
[20:41:15] [Server thread/INFO]: Item Merge Radius: 2.5
[20:41:15] [Server thread/INFO]: Allow Zombie Pigmen to spawn from portal blocks: true
[20:41:15] [Server thread/INFO]: Arrow Despawn Rate: 1200
[20:41:15] [Server thread/INFO]: Zombie Aggressive Towards Villager: true
[20:41:15] [Server thread/INFO]: Chunks to Grow per Tick: 650
[20:41:15] [Server thread/INFO]: Clear tick list: false
[20:41:15] [Server thread/INFO]: Experience Merge Radius: 3.0
[20:41:15] [Server thread/INFO]: Anti X-Ray: true
[20:41:15] [Server thread/INFO]: 	Engine Mode: 1
[20:41:15] [Server thread/INFO]: 	Hidden Blocks: [14, 15, 16, 21, 48, 49, 54, 56, 73, 74, 82, 129, 130]
[20:41:15] [Server thread/INFO]: 	Replace Blocks: [1, 5]
[20:41:15] [Server thread/INFO]: Hopper Transfer: 8 Hopper Check: 8 Hopper Amount: 1
[20:41:15] [Server thread/INFO]: Mob Spawn Range: 4
[20:41:15] [Server thread/INFO]: Nerfing mobs spawned from spawners: false
[20:41:15] [Server thread/INFO]: Cactus Growth Modifier: 100%
[20:41:15] [Server thread/INFO]: Cane Growth Modifier: 100%
[20:41:15] [Server thread/INFO]: Melon Growth Modifier: 100%
[20:41:15] [Server thread/INFO]: Mushroom Growth Modifier: 100%
[20:41:15] [Server thread/INFO]: Pumpkin Growth Modifier: 100%
[20:41:15] [Server thread/INFO]: Sapling Growth Modifier: 100%
[20:41:15] [Server thread/INFO]: Wheat Growth Modifier: 100%
[20:41:15] [Server thread/INFO]: NetherWart Growth Modifier: 100%
[20:41:15] [Server thread/INFO]: Random Lighting Updates: false
[20:41:15] [Server thread/INFO]: Sending up to 10 chunks per packet
[20:41:15] [Server thread/INFO]: Max TNT Explosions: 100
[20:41:15] [Server thread/INFO]: Tile Max Tick Time: 50ms Entity max Tick Time: 50ms
[20:41:15] [Server thread/INFO]: Structure Info Saving: true
[20:41:15] [Server thread/INFO]: Entity Activation Range: An 32 / Mo 32 / Mi 16
[20:41:15] [Server thread/INFO]: Entity Tracking Range: Pl 48 / An 48 / Mo 48 / Mi 32 / Other 64
[20:41:15] [Server thread/INFO]: Max Entity Collisions: 8
[20:41:15] [Server thread/INFO]: Custom Map Seeds:  Village: 10387312 Feature: 14357617
[20:41:15] [Server thread/INFO]: -------- World Settings For [world_the_end] --------
[20:41:15] [Server thread/INFO]: View Distance: 10
[20:41:15] [Server thread/INFO]: Item Despawn Rate: 6000
[20:41:15] [Server thread/INFO]: Item Merge Radius: 2.5
[20:41:15] [Server thread/INFO]: Allow Zombie Pigmen to spawn from portal blocks: true
[20:41:15] [Server thread/INFO]: Arrow Despawn Rate: 1200
[20:41:15] [Server thread/INFO]: Zombie Aggressive Towards Villager: true
[20:41:15] [Server thread/INFO]: Chunks to Grow per Tick: 650
[20:41:15] [Server thread/INFO]: Clear tick list: false
[20:41:15] [Server thread/INFO]: Experience Merge Radius: 3.0
[20:41:15] [Server thread/INFO]: Anti X-Ray: true
[20:41:15] [Server thread/INFO]: 	Engine Mode: 1
[20:41:15] [Server thread/INFO]: 	Hidden Blocks: [14, 15, 16, 21, 48, 49, 54, 56, 73, 74, 82, 129, 130]
[20:41:15] [Server thread/INFO]: 	Replace Blocks: [1, 5]
[20:41:15] [Server thread/INFO]: Hopper Transfer: 8 Hopper Check: 8 Hopper Amount: 1
[20:41:15] [Server thread/INFO]: Mob Spawn Range: 4
[20:41:15] [Server thread/INFO]: Nerfing mobs spawned from spawners: false
[20:41:15] [Server thread/INFO]: Cactus Growth Modifier: 100%
[20:41:15] [Server thread/INFO]: Cane Growth Modifier: 100%
[20:41:15] [Server thread/INFO]: Melon Growth Modifier: 100%
[20:41:15] [Server thread/INFO]: Mushroom Growth Modifier: 100%
[20:41:15] [Server thread/INFO]: Pumpkin Growth Modifier: 100%
[20:41:15] [Server thread/INFO]: Sapling Growth Modifier: 100%
[20:41:15] [Server thread/INFO]: Wheat Growth Modifier: 100%
[20:41:15] [Server thread/INFO]: NetherWart Growth Modifier: 100%
[20:41:15] [Server thread/INFO]: Random Lighting Updates: false
[20:41:15] [Server thread/INFO]: Sending up to 10 chunks per packet
[20:41:15] [Server thread/INFO]: Max TNT Explosions: 100
[20:41:15] [Server thread/INFO]: Tile Max Tick Time: 50ms Entity max Tick Time: 50ms
[20:41:15] [Server thread/INFO]: Structure Info Saving: true
[20:41:15] [Server thread/INFO]: Entity Activation Range: An 32 / Mo 32 / Mi 16
[20:41:15] [Server thread/INFO]: Entity Tracking Range: Pl 48 / An 48 / Mo 48 / Mi 32 / Other 64
[20:41:15] [Server thread/INFO]: Max Entity Collisions: 8
[20:41:15] [Server thread/INFO]: Custom Map Seeds:  Village: 10387312 Feature: 14357617
[20:41:15] [Server thread/INFO]: Preparing start region for level 0 (Seed: -8013875772503020374)
[20:41:16] [Server thread/INFO]: Preparing spawn area: 52%
[20:41:16] [Server thread/INFO]: Preparing start region for level 1 (Seed: -654650595)
[20:41:17] [Server thread/INFO]: Preparing spawn area: 74%
[20:41:18] [Server thread/INFO]: Preparing start region for level 2 (Seed: -654650595)
[20:41:18] [Server thread/INFO]: [PlayerHeads] Enabling PlayerHeads v3.10-SNAPSHOT-jenkins-PlayerHeads-1-61-g39b94b4
[20:41:19] [Server thread/INFO]: [WorldEdit] Enabling WorldEdit v6.1.1-SNAPSHOT;3501-c85c9f7
[20:41:19] [Server thread/INFO]: WEPIF: Using the Bukkit Permissions API.
[20:41:19] [Server thread/INFO]: [WorldEdit] Using com.sk89q.worldedit.bukkit.adapter.impl.Spigot_v1_8_R3 as the Bukkit adapter
[20:41:19] [Server thread/INFO]: [TabPrefix] Enabling TabPrefix v5.6.3
[20:41:19] [Server thread/INFO]: TabPrefixVersion 5.6.3 Has Been Enabled
[20:41:19] [Server thread/INFO]: [TabPrefix] Config Loaded
[20:41:19] [Server thread/INFO]: [TabPrefix] -----------------------
[20:41:19] [Server thread/INFO]: [TabPrefix]      
[20:41:19] [Server thread/INFO]: [TabPrefix] TabPrefixes Loaded!
[20:41:19] [Server thread/INFO]: [TabPrefix]      
[20:41:19] [Server thread/INFO]: [TabPrefix] -----------------------
[20:41:19] [Server thread/INFO]: [TabPrefix] v5.6.3 'by UnthinkableRedstone' Enabled
[20:41:19] [Server thread/INFO]: [Essentials] Enabling Essentials vTeamCity
[20:41:19] [Server thread/INFO]: Bukkit version format changed. Version not checked.
[20:41:19] [Server thread/INFO]: git-Spigot-e4d4710-e1ebe52 (MC: 1.8.8)
[20:41:19] [Server thread/INFO]: 1.8.8-R0.1-SNAPSHOT
[20:41:19] [Server thread/INFO]: Using locale en_US
[20:41:19] [Server thread/INFO]: Using locale en_US
[20:41:19] [Server thread/INFO]: [Vault][Economy] Essentials Economy hooked.
[20:41:19] [Server thread/INFO]: Essentials: Using config file enhanced permissions.
[20:41:19] [Server thread/INFO]: Permissions listed in as player-commands will be given to all users.
[20:41:19] [Server thread/INFO]: [GroupManager] Enabling GroupManager v2.1.30 (Phoenix)
[20:41:19] [Server thread/INFO]: GroupManager - INFO - World Found: world
[20:41:19] [Server thread/INFO]: GroupManager - INFO - Superperms support enabled.
[20:41:19] [Server thread/INFO]: GroupManager - INFO - Scheduled Data Saving is set for every 10 minutes!
[20:41:19] [Server thread/INFO]: GroupManager - INFO - Backups will be retained for 24 hours!
[20:41:19] [Server thread/INFO]: GroupManager version 2.1.30 (Phoenix) is enabled!
[20:41:19] [Server thread/INFO]: WEPIF: GroupManager detected! Using GroupManager for permissions.
[20:41:19] [Server thread/INFO]: [Vault][Permission] GroupManager hooked.
[20:41:19] [Server thread/INFO]: [Vault][Chat] GroupManager - Chat hooked.
[20:41:19] [Server thread/INFO]: Essentials: Using GroupManager based permissions.
[20:41:19] [Server thread/INFO]: [ChatControl] Enabling ChatControl v5.3.2
[20:41:19] [Server thread/INFO]: Hooked into: Essentials
[20:41:19] [Server thread/INFO]: Hooked into: Multiverse-Core (World Alias)
[20:41:19] [Server thread/INFO]: Hooked into: ProtocolLib (Packet Features)
[20:41:19] [Server thread/INFO]: Hooked into: Vault
[20:41:19] [Server thread/INFO]: Hooked into: Factions
[20:41:19] [Server thread/INFO]: *----------------------------------------------*
[20:41:19] [Server thread/INFO]:  Plugin only support hooking into
[20:41:19] [Server thread/INFO]:  the free version of Factions plugin.
[20:41:19] [Server thread/INFO]: *----------------------------------------------*
[20:41:19] [Server thread/INFO]: [WorldBorder] Enabling WorldBorder v1.8.4
[20:41:19] [Server thread/INFO]: [WorldBorder] [CONFIG] Using elliptic/round border, knockback of 3.0 blocks, and timer delay of 5.
[20:41:19] [Server thread/INFO]: [WorldBorder] [CONFIG] Border-checking timed task started.
[20:41:19] [Server thread/INFO]: [WorldBorder] [CONFIG] World "world" has border radius 12000 at X: -236.0 Z: 261.0
[20:41:19] [Server thread/INFO]: [WorldBorder] [CONFIG] World "Factions" has border radius 10000 at X: -1318.9 Z: -406.5
[20:41:19] [Server thread/INFO]: [WorldBorder] [CONFIG] World "NewFactions" has border radius 8000 at X: -229.5 Z: -962.8
[20:41:19] [Server thread/INFO]: [WorldBorder] [CONFIG] World "Terrain1" has border radius 10000 at X: -4.2 Z: 11.8
[20:41:19] [Server thread/INFO]: [WorldBorder] For reference, the main world's spawn location is at X: -221.0 Y: 68.0 Z: 244.0
[20:41:19] [Server thread/INFO]: [FactionsBreak] Enabling FactionsBreak v1.0
[20:41:19] [Server thread/INFO]: [TnTFill] Enabling TnTFill v1
[20:41:19] [Server thread/INFO]: [Votifier] Enabling Votifier v1.9
[20:41:19] [Server thread/INFO]: [Votifier] Votifier enabled.
[20:41:19] [Server thread/INFO]: [eFix] Enabling eFix v1.0
[20:41:19] [Server thread/INFO]: [eFix] eFix has been enabled (V. 1.0) 
[20:41:19] [Server thread/INFO]: [Multiverse-Core] Enabling Multiverse-Core v2.4-b527
[20:41:19] [Server thread/INFO]: [Multiverse-Core] - Version 2.4-b527 (API v14) Enabled - By Rigby, fernferret, lithium3141 and main--
[20:41:19] [Server thread/INFO]: [AllPay] - Version 10.0 - hooked into Essentials Economy for Multiverse-Core v2.4-b527
[20:41:20] [Server thread/INFO]: [Multiverse-Core] Loading World & Settings - 'world' - Env: NORMAL - Type: NORMAL & seed: -8013875772503020374
[20:41:20] [Server thread/INFO]: [Multiverse-Core] Loading World & Settings - 'world_nether' - Env: NETHER - Type: NORMAL & seed: -654650595
[20:41:20] [Server thread/WARN]: [Multiverse-Core] Spawn location from world.dat file was unsafe. Adjusting...
[20:41:20] [Server thread/WARN]: [Multiverse-Core] Original Location: X: 1 Y: 77 Z: 0 P: 0 Y: 0 
[20:41:20] [Server thread/ERROR]: [Multiverse-Core] New safe spawn NOT found!!!
[20:41:20] [Server thread/INFO]: [Multiverse-Core] Loading World & Settings - 'world_the_end' - Env: THE_END - Type: NORMAL & seed: -654650595
[20:41:20] [Server thread/INFO]: [Multiverse-Core] Loading World & Settings - 'buildsextra' - Env: NORMAL - Type: FLAT & seed: -7165224370601606865
[20:41:20] [Server thread/INFO]: -------- World Settings For [buildsextra] --------
[20:41:20] [Server thread/INFO]: View Distance: 10
[20:41:20] [Server thread/INFO]: Item Despawn Rate: 6000
[20:41:20] [Server thread/INFO]: Item Merge Radius: 2.5
[20:41:20] [Server thread/INFO]: Allow Zombie Pigmen to spawn from portal blocks: true
[20:41:20] [Server thread/INFO]: Arrow Despawn Rate: 1200
[20:41:20] [Server thread/INFO]: Zombie Aggressive Towards Villager: true
[20:41:20] [Server thread/INFO]: Chunks to Grow per Tick: 650
[20:41:20] [Server thread/INFO]: Clear tick list: false
[20:41:20] [Server thread/INFO]: Experience Merge Radius: 3.0
[20:41:20] [Server thread/INFO]: Anti X-Ray: true
[20:41:20] [Server thread/INFO]: 	Engine Mode: 1
[20:41:20] [Server thread/INFO]: 	Hidden Blocks: [14, 15, 16, 21, 48, 49, 54, 56, 73, 74, 82, 129, 130]
[20:41:20] [Server thread/INFO]: 	Replace Blocks: [1, 5]
[20:41:20] [Server thread/INFO]: Hopper Transfer: 8 Hopper Check: 8 Hopper Amount: 1
[20:41:20] [Server thread/INFO]: Mob Spawn Range: 4
[20:41:20] [Server thread/INFO]: Nerfing mobs spawned from spawners: false
[20:41:20] [Server thread/INFO]: Cactus Growth Modifier: 100%
[20:41:20] [Server thread/INFO]: Cane Growth Modifier: 100%
[20:41:20] [Server thread/INFO]: Melon Growth Modifier: 100%
[20:41:20] [Server thread/INFO]: Mushroom Growth Modifier: 100%
[20:41:20] [Server thread/INFO]: Pumpkin Growth Modifier: 100%
[20:41:20] [Server thread/INFO]: Sapling Growth Modifier: 100%
[20:41:20] [Server thread/INFO]: Wheat Growth Modifier: 100%
[20:41:20] [Server thread/INFO]: NetherWart Growth Modifier: 100%
[20:41:20] [Server thread/INFO]: Random Lighting Updates: false
[20:41:20] [Server thread/INFO]: Sending up to 10 chunks per packet
[20:41:20] [Server thread/INFO]: Max TNT Explosions: 100
[20:41:20] [Server thread/INFO]: Tile Max Tick Time: 50ms Entity max Tick Time: 50ms
[20:41:20] [Server thread/INFO]: Structure Info Saving: true
[20:41:20] [Server thread/INFO]: Entity Activation Range: An 32 / Mo 32 / Mi 16
[20:41:20] [Server thread/INFO]: Entity Tracking Range: Pl 48 / An 48 / Mo 48 / Mi 32 / Other 64
[20:41:20] [Server thread/INFO]: Max Entity Collisions: 8
[20:41:20] [Server thread/INFO]: Custom Map Seeds:  Village: 10387312 Feature: 14357617
[20:41:20] [Server thread/INFO]: Preparing start region for level 3 (Seed: -7165224370601606865)
[20:41:21] [Server thread/INFO]: [Multiverse-Core] 4 - World(s) loaded.
[20:41:21] [Server thread/INFO]: [WorldGuard] Enabling WorldGuard v5.8
[20:41:21] [Server thread/INFO]: [WorldGuard] (world) TNT ignition is PERMITTED.
[20:41:21] [Server thread/INFO]: [WorldGuard] (world) Lighters are PERMITTED.
[20:41:21] [Server thread/INFO]: [WorldGuard] (world) Lava fire is blocked.
[20:41:21] [Server thread/INFO]: [WorldGuard] (world) Fire spread is UNRESTRICTED.
[20:41:21] [Server thread/INFO]: [WorldGuard] Loaded configuration for world 'world'
[20:41:21] [Server thread/INFO]: [WorldGuard] (world_nether) TNT ignition is PERMITTED.
[20:41:21] [Server thread/INFO]: [WorldGuard] (world_nether) Lighters are PERMITTED.
[20:41:21] [Server thread/INFO]: [WorldGuard] (world_nether) Lava fire is blocked.
[20:41:21] [Server thread/INFO]: [WorldGuard] (world_nether) Fire spread is UNRESTRICTED.
[20:41:21] [Server thread/INFO]: [WorldGuard] Loaded configuration for world 'world_nether'
[20:41:21] [Server thread/INFO]: [WorldGuard] (world_the_end) TNT ignition is PERMITTED.
[20:41:21] [Server thread/INFO]: [WorldGuard] (world_the_end) Lighters are PERMITTED.
[20:41:21] [Server thread/INFO]: [WorldGuard] (world_the_end) Lava fire is blocked.
[20:41:21] [Server thread/INFO]: [WorldGuard] (world_the_end) Fire spread is UNRESTRICTED.
[20:41:21] [Server thread/INFO]: [WorldGuard] Loaded configuration for world 'world_the_end'
[20:41:21] [Server thread/INFO]: [WorldGuard] (buildsextra) TNT ignition is PERMITTED.
[20:41:21] [Server thread/INFO]: [WorldGuard] (buildsextra) Lighters are PERMITTED.
[20:41:21] [Server thread/INFO]: [WorldGuard] (buildsextra) Lava fire is blocked.
[20:41:21] [Server thread/INFO]: [WorldGuard] (buildsextra) Fire spread is UNRESTRICTED.
[20:41:21] [Server thread/INFO]: [WorldGuard] Loaded configuration for world 'buildsextra'
[20:41:21] [Server thread/INFO]: [WorldGuard] 2 regions loaded for 'world'
[20:41:21] [Server thread/INFO]: [WorldGuard] 0 regions loaded for 'world_nether'
[20:41:21] [Server thread/INFO]: [WorldGuard] 1 regions loaded for 'world_the_end'
[20:41:21] [Server thread/INFO]: [WorldGuard] 3 regions loaded for 'buildsextra'
[20:41:21] [Server thread/INFO]: [GUIShop] Enabling GUIShop v4.2.2
[20:41:21] [Server thread/INFO]: [KitAdder] Enabling KitAdder v2.3
[20:41:21] [Server thread/INFO]: [KitAdder] KitAdder plugin has been enabled!
[20:41:21] [Server thread/INFO]: [MVdWPlaceholderAPI] Enabling MVdWPlaceholderAPI v1.0.0
[20:41:21] [Server thread/INFO]: [MVdWPlaceholderAPI] Initializing ...
[20:41:21] [Server thread/INFO]: [AsyncWorldEdit] Enabling AsyncWorldEdit v2.3.1
[20:41:21] [Server thread/INFO]: [AsyncWorldEdit] PlotMeFix set to class org.primesoft.asyncworldedit.plotme.NullFix
[20:41:21] [Server thread/INFO]: [AsyncWorldEditInjector] New class factory set to: org.primesoft.asyncworldedit.injector.async.AsyncClassFactory
[20:41:21] [Server thread/INFO]: [AsyncWorldEdit] Unable to check latest plugin version.
[20:41:21] [Server thread/INFO]: [AsyncWorldEdit] Enabled
[20:41:21] [Server thread/INFO]: [VoxelSniper] Enabling VoxelSniper v5.170.0-SNAPSHOT-jnks317-gitfcb8fe1
[20:41:21] [Server thread/INFO]: [VoxelSniper] Registered 75 Sniper Brushes with 149 handles.
[20:41:21] [Server thread/INFO]: [VoxelSniper] Registered Sniper Listener.
[20:41:21] [Server thread/INFO]: [EditableSign] Enabling EditableSign v1.2.7
[20:41:21] [Server thread/INFO]: [EditableSign] EditableSign version 1.2.7 is Enabled
[20:41:21] [Server thread/INFO]: [ObsidianBreak] Enabling ObsidianBreak v1.0
[20:41:21] [Server thread/INFO]: [NoteBlockAPI] Enabling NoteBlockAPI v1.1.0
[20:41:21] [Server thread/INFO]: [SuperbVote] Enabling SuperbVote v0.3.2
[20:41:21] [Server thread/WARN]: [SuperbVote] 'permission' vote rewards require that the player be online. Set 'require-online' to 'true' in your configuration.
[20:41:21] [Server thread/INFO]: [ViaVersion] Enabling ViaVersion v0.9.8
[20:41:22] [Server thread/INFO]: [ActionAnnouncer] Enabling ActionAnnouncer v1.9.1
[20:41:22] [Server thread/INFO]: [GAListener] Enabling GAListener v1.3.1
[20:41:22] [Server thread/INFO]: [GAListener] GAListener v1.3.1 Enabled
[20:41:22] [Server thread/INFO]: [EssentialsSpawn] Enabling EssentialsSpawn vTeamCity
[20:41:22] [Server thread/INFO]: [MyCommand] Enabling MyCommand v5.3.4
[20:41:22] [Server thread/INFO]: *-=-=-=-=-=-=-=-=-=-* MyCommand *-=-=-=-=-=-=-=-=-=-=-*
[20:41:22] [Server thread/INFO]: | You are using an not fully supported server version. (v1_8_R3)
[20:41:22] [Server thread/INFO]: | Vault  : Ok. Hooked on Vault 1.5.6-b49
[20:41:22] [Server thread/INFO]: | Command file(s) found : 1
[20:41:22] [Server thread/INFO]: | Config : Ready.
[20:41:22] [Server thread/INFO]: | PlaceholderAPI: Not Found
[20:41:22] [Server thread/INFO]: | Custom commands loaded : 39
[20:41:22] [Server thread/INFO]: | Version: 5.3.4
[20:41:22] [Server thread/INFO]: | Author : emmerrei a.k.a Ivanpro
[20:41:22] [Server thread/INFO]: | You are running the latest version of MyCommand.
[20:41:22] [Server thread/INFO]: *-=-=-=-=-=-=-=-=-=-*   Done!   *-=-=-=-=-=-=-=-=-=-=-*
[20:41:22] [Server thread/INFO]: [TitleManager] Enabling TitleManager v1.4.0
[20:41:22] [Server thread/ERROR]: Error occurred while enabling TitleManager v1.4.0 (Is it up to date?)
java.lang.NullPointerException
	at io.puharesource.mc.titlemanager.Config.loadSettings(Config.java:188) ~[?:?]
	at io.puharesource.mc.titlemanager.Config.loadConfig(Config.java:102) ~[?:?]
	at io.puharesource.mc.titlemanager.Main.onEnable(Main.java:13) ~[?:?]
	at org.bukkit.plugin.java.JavaPlugin.setEnabled(JavaPlugin.java:321) ~[spigot.jar:git-Spigot-e4d4710-e1ebe52]
	at org.bukkit.plugin.java.JavaPluginLoader.enablePlugin(JavaPluginLoader.java:340) [spigot.jar:git-Spigot-e4d4710-e1ebe52]
	at org.bukkit.plugin.SimplePluginManager.enablePlugin(SimplePluginManager.java:405) [spigot.jar:git-Spigot-e4d4710-e1ebe52]
	at org.bukkit.craftbukkit.v1_8_R3.CraftServer.loadPlugin(CraftServer.java:357) [spigot.jar:git-Spigot-e4d4710-e1ebe52]
	at org.bukkit.craftbukkit.v1_8_R3.CraftServer.enablePlugins(CraftServer.java:317) [spigot.jar:git-Spigot-e4d4710-e1ebe52]
	at net.minecraft.server.v1_8_R3.MinecraftServer.s(MinecraftServer.java:414) [spigot.jar:git-Spigot-e4d4710-e1ebe52]
	at net.minecraft.server.v1_8_R3.MinecraftServer.k(MinecraftServer.java:378) [spigot.jar:git-Spigot-e4d4710-e1ebe52]
	at net.minecraft.server.v1_8_R3.MinecraftServer.a(MinecraftServer.java:333) [spigot.jar:git-Spigot-e4d4710-e1ebe52]
	at net.minecraft.server.v1_8_R3.DedicatedServer.init(DedicatedServer.java:263) [spigot.jar:git-Spigot-e4d4710-e1ebe52]
	at net.minecraft.server.v1_8_R3.MinecraftServer.run(MinecraftServer.java:525) [spigot.jar:git-Spigot-e4d4710-e1ebe52]
	at java.lang.Thread.run(Unknown Source) [?:1.8.0_161]
[20:41:22] [Server thread/INFO]: [SpawnerShop] Enabling SpawnerShop v3.2
[20:41:22] [Server thread/INFO]: [EpicRename] Enabling EpicRename v2.3
[20:41:22] [Server thread/INFO]: [EpicRename] This plugin is made by Justin Brubaker.
[20:41:22] [Server thread/INFO]: [EpicRename] EpicRename version 2.3 is Copyright (C) 2015 Justin Brubaker
[20:41:22] [Server thread/INFO]: [EpicRename] See LICENSE infomation here: http://tinyurl.com/epicrename1
[20:41:22] [Server thread/INFO]: [Rename] Prefix has been set to the one in the config.
[20:41:22] [Server thread/INFO]: [Rename] Version: 2.3 Has Been Enabled.
[20:41:22] [Server thread/INFO]: [Banknotes] Enabling Banknotes v1.8.0
[20:41:22] [Server thread/INFO]: [CrateReloaded] Enabling CrateReloaded v1.3.27
[20:41:22] [Server thread/INFO]: [CrateReloaded] org.bukkit.craftbukkit.v1_8_R3
[20:41:22] [Server thread/INFO]: [WarpPortals] Enabling WarpPortals v5.6.3
[20:41:22] [Server thread/INFO]: [WarpPortals] 0 Portals loaded!
[20:41:22] [Server thread/INFO]: [WarpPortals] 0 Destinations loaded!
[20:41:22] [Server thread/INFO]: [Factions] Enabling Factions v1.6.9.5-U0.1.18-b${BUILD_NUMBER}
[20:41:22] [Server thread/INFO]: [Factions v1.6.9.5-U0.1.18-b${BUILD_NUMBER}] === ENABLE START ===
[20:41:22] [Server thread/INFO]: [Factions v1.6.9.5-U0.1.18-b${BUILD_NUMBER}] Loaded 1 players
[20:41:22] [Server thread/INFO]: [Factions v1.6.9.5-U0.1.18-b${BUILD_NUMBER}] Loaded 3 Factions
[20:41:22] [Server thread/INFO]: [Factions v1.6.9.5-U0.1.18-b${BUILD_NUMBER}] Loading board from disk
[20:41:23] [Server thread/INFO]: [Factions v1.6.9.5-U0.1.18-b${BUILD_NUMBER}] Loaded 10463 board locations
[20:41:23] [Server thread/INFO]: [Factions v1.6.9.5-U0.1.18-b${BUILD_NUMBER}] Economy integration through Vault plugin successful.
[20:41:23] [Server thread/INFO]: [Factions v1.6.9.5-U0.1.18-b${BUILD_NUMBER}] NOTE: Economy is disabled. You can enable it with the command: f config econEnabled true
[20:41:23] [Server thread/INFO]: [Factions v1.6.9.5-U0.1.18-b${BUILD_NUMBER}] === ENABLE DONE (Took 568ms) ===
[20:41:23] [Server thread/INFO]: [MobStacker] Enabling MobStacker v2.0.0
[20:41:23] [Server thread/INFO]: [MobStacker] MobStacker is starting
[20:41:23] [Server thread/INFO]: [MobStacker] Connected to metrics
[20:41:23] [Server thread/INFO]: [MobStacker] Hooked in to mcMMO successfully!
[20:41:23] [Server thread/INFO]: [MobStacker] Successfully hooked in to WorldGuard!
[20:41:23] [Server thread/INFO]: [MobStacker] MobStacker has successfully started!
[20:41:23] [Server thread/INFO]: [ChestCommands] Enabling ChestCommands v3.1.1
[20:41:23] [Server thread/INFO]: [PlayerVaults] Enabling PlayerVaults v3.5.6-b181
[20:41:23] [Server thread/INFO]: [CrazyEnchantments] Enabling CrazyEnchantments v1.6.5.1
[20:41:23] [Server thread/INFO]: [CombatLog] Enabling CombatLog v1.8.11-hack
[20:41:23] [Server thread/INFO]: [CombatLog] Loading messages.properties.
[20:41:23] [Server thread/INFO]: [CombatLog] Loading config.yml.
[20:41:23] [Server thread/INFO]: [CombatLog] DisguiseCraft plugin not found! Disguise removal will not work.
[20:41:23] [Server thread/INFO]: [CombatLog] CombatLog v1.8.11-hack Enabled.
[20:41:23] [Server thread/INFO]: [FBasics] Enabling FBasics v2.1.6
[20:41:23] [Server thread/INFO]: [FBasics] Using Factions v1_6 support.
[20:41:23] [Server thread/INFO]: [MVdWPlaceholderAPI] FBasics added custom placeholder {fbasics_enderpearl_cooldown}
[20:41:23] [Server thread/INFO]: [HolographicDisplays] Enabling HolographicDisplays v2.1.10
[20:41:23] [Server thread/INFO]: [HolographicDisplays] Found ProtocolLib, adding support for player relative variables.
[20:41:24] [Server thread/WARN]: [HolographicDisplays] Hologram 'crate1' was in the world 'Terrain1' but it wasn't loaded.
[20:41:24] [Server thread/WARN]: [HolographicDisplays] Hologram 'crate3' was in the world 'world1' but it wasn't loaded.
[20:41:24] [Server thread/WARN]: [HolographicDisplays] Hologram 'crate4' was in the world 'world1' but it wasn't loaded.
[20:41:24] [Server thread/WARN]: [HolographicDisplays] Hologram 'portal' was in the world 'world1' but it wasn't loaded.
[20:41:24] [Server thread/WARN]: [HolographicDisplays] Hologram 'netherportal' was in the world 'world1' but it wasn't loaded.
[20:41:24] [Server thread/WARN]: [HolographicDisplays] Hologram 'endp' was in the world 'world1' but it wasn't loaded.
[20:41:24] [Server thread/WARN]: [HolographicDisplays] Hologram 'youtube' was in the world 'spawn' but it wasn't loaded.
[20:41:24] [Server thread/WARN]: [HolographicDisplays] Hologram 'spawn' was in the world 'spawn' but it wasn't loaded.
[20:41:24] [Server thread/WARN]: [HolographicDisplays] Hologram 'worldsize' was in the world 'spawn' but it wasn't loaded.
[20:41:24] [Server thread/WARN]: [HolographicDisplays] Hologram '3' was in the world 'Terrain1' but it wasn't loaded.
[20:41:24] [Server thread/WARN]: [HolographicDisplays] Hologram '4' was in the world 'terrain' but it wasn't loaded.
[20:41:24] [Server thread/WARN]: [HolographicDisplays] Hologram '6' was in the world 'Terrain1' but it wasn't loaded.
[20:41:24] [Server thread/WARN]: [HolographicDisplays] Hologram '7' was in the world 'Terrain1' but it wasn't loaded.
[20:41:24] [Server thread/WARN]: [HolographicDisplays] Hologram 'shop' was in the world 'Building' but it wasn't loaded.
[20:41:24] [Server thread/WARN]: [HolographicDisplays] Hologram 'crates' was in the world 'Terrain1' but it wasn't loaded.
[20:41:24] [Server thread/WARN]: [HolographicDisplays] Hologram 'voting' was in the world 'Terrain1' but it wasn't loaded.
[20:41:24] [Server thread/WARN]: [HolographicDisplays] Hologram 'global' was in the world 'Terrain1' but it wasn't loaded.
[20:41:24] [Server thread/INFO]: Server permissions file permissions.yml is empty, ignoring it
[20:41:24] [Server thread/INFO]: Done (9.164s)! For help, type "help" or "?"
[20:41:24] [Server thread/INFO]: [ChestCommands] Found a new version: v3.1.4 (yours: v3.1.1)
[20:41:24] [Server thread/INFO]: [ChestCommands] Download it on Bukkit Dev:
[20:41:24] [Server thread/INFO]: [ChestCommands] dev.bukkit.org/bukkit-plugins/chest-commands
[20:41:24] [Server thread/INFO]: [HolographicDisplays] Found a new version available: v2.2.6
[20:41:24] [Server thread/INFO]: [HolographicDisplays] Download it on Bukkit Dev:
[20:41:24] [Server thread/INFO]: [HolographicDisplays] dev.bukkit.org/bukkit-plugins/holographic-displays
[20:41:24] [Server thread/INFO]: [PlayerVaults] ** Vaults have already been converted to UUIDs. If this is incorrect, shutdown your server and rename the plugins\PlayerVaults\uuidvaults directory.
[20:41:24] [Server thread/INFO]: [Banknotes] Found economy provider Vault
[20:41:24] [Server thread/INFO]: [ViaVersion] ViaVersion detected protocol version: 47
[20:41:24] [Craft Scheduler Thread - 4/INFO]: [PlayerVaults] We didn't find an update!
[20:41:24] [Craft Scheduler Thread - 27/INFO]: [GAListener] Connection established!
[20:41:24] [Craft Scheduler Thread - 27/INFO]: [GAListener] Loading queued votes
[20:41:24] [Craft Scheduler Thread - 27/INFO]: [GAListener] Loaded 0 queued votes
[20:41:24] [Server thread/INFO]: GroupManager - INFO - Bukkit Permissions Updated!
[20:41:24] [Server thread/WARN]: [ViaVersion] There is a newer version available: 1.0.3
[20:41:24] [Craft Scheduler Thread - 27/INFO]: [Vault] Checking for Updates ... 
[20:41:24] [Craft Scheduler Thread - 27/INFO]: [Vault] No new version available
[20:41:24] [Craft Scheduler Thread - 22/INFO]: [ChatControl] ChatControl is updating! Downloading v5.6.4
[20:41:24] [Craft Scheduler Thread - 22/INFO]: [ChatControl] Got file of size: 193.533 kb
[20:41:25] [Craft Scheduler Thread - 22/INFO]: [ChatControl] Downloaded! File uploaded into the update folder. Please copy it to the plugins folder.
[20:41:45] [Craft Scheduler Thread - 6/INFO]: [Metrics] Connection timed out: connect
