02/03/2018 23:44:59 [INFO] Loading placeholder [Factions 2.7<] ...
02/03/2018 23:44:59 [DEBUG] Loaded placeholder: facebook
02/03/2018 23:44:59 [INFO] Loading placeholder [Geographical] ...
02/03/2018 23:44:59 [INFO] Loading placeholder [FireworkEffect] ...
02/03/2018 23:44:59 [INFO] Loading placeholder [GAListener] ...
02/03/2018 23:45:04 [DEBUG] 	Line: skill-label Static: true
02/03/2018 23:45:00 [INFO] Loading placeholder [Previous Names] ...
02/03/2018 23:44:59 [INFO] Loading placeholder [Permissions] ...
02/03/2018 23:44:59 [INFO] Loading placeholder [Player] ...
02/03/2018 23:44:59 [INFO] Loading placeholder [Hotbar] ...
02/03/2018 23:45:04 [DEBUG] 	Line: news-info Static: true
02/03/2018 23:45:00 [DEBUG] Loaded placeholder: sound
02/03/2018 23:45:00 [DEBUG] Loaded placeholder: serverpinger
02/03/2018 23:44:59 [INFO] Loading placeholder [Memory] ...
02/03/2018 23:45:00 [DEBUG] Loaded placeholder: statistics
02/03/2018 23:44:59 [INFO] Loading placeholder [JavaInfo] ...
02/03/2018 23:44:58 [DEBUG] Loaded placeholder: essentials
02/03/2018 23:45:02 [DEBUG] 	Line: line1 Static: false
02/03/2018 23:45:00 [INFO] Loading placeholder [ServerPinger] ...
02/03/2018 23:44:58 [DEBUG] Loaded placeholder: entities
02/03/2018 23:45:01 [INFO] Checking for placeholder updates ...
02/03/2018 23:45:01 [INFO] 	Arguments: 1
02/03/2018 23:44:58 [INFO] Loading placeholder [Economy] ...
02/03/2018 23:45:01 [INFO] Loading placeholder [Factions 1.8] ...
02/03/2018 23:44:58 [INFO] Loading placeholder [Compass placeholders] ...
02/03/2018 23:45:00 [INFO] Loading placeholder [mcMMO] ...
02/03/2018 23:44:58 [DEBUG] Loaded placeholder: color
02/03/2018 23:44:58 [DEBUG] Loaded placeholder: command
02/03/2018 23:45:00 [INFO] Loading event hook: WorldGuard Region ...
02/03/2018 23:45:00 [DEBUG] Loaded placeholder: worldguard
02/03/2018 23:45:00 [DEBUG] Loaded placeholder: mcmmo
02/03/2018 23:45:00 [INFO] Loading event hook: mcMMO Party Level up ...
02/03/2018 23:45:00 [INFO] Loading event hook: mcMMO Level up event ...
02/03/2018 23:45:00 [INFO] Loading placeholder [WorldBorder] ...
02/03/2018 23:45:00 [INFO] Loading event hook: mcMMO Level down event ...
02/03/2018 23:45:09 [DEBUG] Refreshing group 'benchmark' for new custom placeholder 'fbasics_enderpearl_cooldown'
02/03/2018 23:45:01 [DEBUG]  - Server supports Team entries
02/03/2018 23:45:01 [INFO] Creating new custom effect: warning
02/03/2018 23:45:01 [INFO] Adding scoreboard group 'benchmark' ...
02/03/2018 23:45:01 [DEBUG] Using SCOREBOARD v7
02/03/2018 23:45:03 [DEBUG] 	Line: line11 Static: false
02/03/2018 23:45:04 [DEBUG] 	Line: line13 Static: false
02/03/2018 23:45:04 [DEBUG] 	Line: line15 Static: false
02/03/2018 23:45:00 [INFO] Loading event hook: Vanilla player first join ...
02/03/2018 23:45:04 [DEBUG] 	Line: header Static: true
02/03/2018 23:45:04 [DEBUG] 	Line: combat-data Static: false
02/03/2018 23:45:04 [DEBUG] 	Line: health-label Static: true
02/03/2018 23:45:00 [INFO] Loading event hook: Vanilla Create portal hook ...
02/03/2018 23:45:00 [INFO] Loading event hook: Vanilla Death hook ...
02/03/2018 23:45:04 [DEBUG] 	Line: player-label Static: true
02/03/2018 23:44:58 [INFO] Loading placeholder [BungeeCord] ...
02/03/2018 23:45:00 [INFO] Loading event hook: Vanilla player join ...
02/03/2018 23:45:00 [INFO] Loading event hook: Vanilla player rejoin ...
02/03/2018 23:45:04 [DEBUG] 	Line: server-line1 Static: false
02/03/2018 23:45:04 [DEBUG] 	Line: timesplayed Static: false
02/03/2018 23:45:04 [DEBUG] 	Line: footer Static: false
02/03/2018 23:45:04 [DEBUG] 	Line: skill Static: false
02/03/2018 23:45:04 [DEBUG] 	Line: header Static: true
02/03/2018 23:45:00 [INFO] Loading event hook: Vanilla Block break hook ...
02/03/2018 23:45:04 [DEBUG] 	Line: spacer1 Static: true
02/03/2018 23:45:04 [DEBUG] 	Line: header Static: true
02/03/2018 23:45:04 [DEBUG] 	Line: footer Static: true
02/03/2018 23:45:04 [DEBUG] 	Line: skilllevel-label Static: true
02/03/2018 23:45:04 [DEBUG] 	Line: townboard-label Static: true
02/03/2018 23:45:04 [DEBUG] 	Line: town-data Static: true
02/03/2018 23:44:58 [INFO] Loading placeholder [Bukkit] ...
02/03/2018 23:45:04 [DEBUG] 	Line: spacer2 Static: false
02/03/2018 23:45:04 [DEBUG] 	Line: poplulation-data Static: true
02/03/2018 23:45:00 [INFO] Loading event hook: Vanilla Create portal hook ...
02/03/2018 23:45:04 [DEBUG] 	default - 10
02/03/2018 23:45:00 [INFO] Loading event hook: Vanilla player join ...
02/03/2018 23:45:00 [INFO] Loading event hook: Vanilla Death hook ...
02/03/2018 23:44:58 [INFO] Fetching available placeholders from server ...
02/03/2018 23:45:00 [INFO] Loading event hook: Vanilla player rejoin ...
02/03/2018 23:44:58 [DEBUG] Loaded placeholder: MySQL
02/03/2018 23:45:04 [DEBUG] 	Adding sub command 'reload'
02/03/2018 23:45:04 [DEBUG] 	Adding sub command 'placeholders'
02/03/2018 23:45:04 [DEBUG] 	Adding sub command 'generatebbcode'
02/03/2018 23:45:04 [DEBUG] 	Adding sub command 'help'
02/03/2018 23:45:04 [DEBUG] 	Adding sub command 'permissions'
02/03/2018 23:45:04 [DEBUG] 	Adding sub command 'createscoreboard'
02/03/2018 23:45:04 [DEBUG] 	Adding sub command 'show'
02/03/2018 23:45:04 [DEBUG] 	Adding sub command 'editsetting'
02/03/2018 23:45:04 [DEBUG] 	Adding sub command 'info'
02/03/2018 23:45:04 [DEBUG] 	Adding sub command 'remove'
02/03/2018 23:45:00 [DEBUG] Loaded placeholder: unicode
02/03/2018 23:45:04 [DEBUG] 	Adding sub command 'gui'
02/03/2018 23:45:04 [DEBUG] 	Adding sub command 'toggle'
02/03/2018 23:44:58 [INFO] Loading internal placeholders ...
02/03/2018 23:45:04 [MESSAGE] &5[&9FeatherBoard&5] &cA new update for FeatherBoard is available for download on Spigot!
02/03/2018 23:45:00 [INFO] Loading placeholder [Twitter] ...
02/03/2018 23:45:04 [DEBUG] 	towny-town-example - 0
02/03/2018 23:45:00 [DEBUG] Loaded placeholder: tickspersecond
02/03/2018 23:45:00 [INFO] Loading placeholder [TicksPerSecond] ...
02/03/2018 23:45:02 [DEBUG] 	Line: line5 Static: false
02/03/2018 23:45:09 [DEBUG] Refreshing group 'default' for new custom placeholder 'fbasics_enderpearl_cooldown'
02/03/2018 23:45:03 [DEBUG] 	Line: line9 Static: false
02/03/2018 23:44:59 [DEBUG] Loaded placeholder: firework
02/03/2018 23:45:04 [INFO] Adding scoreboard group 'combat-scoreboard-example' ...
02/03/2018 23:44:59 [DEBUG] Loaded placeholder: geographical
02/03/2018 23:45:04 [DEBUG] 	Line: health-data-2 Static: false
02/03/2018 23:45:04 [DEBUG] 	Line: player-line2 Static: false
02/03/2018 23:45:04 [DEBUG] 	Line: title Static: false
02/03/2018 23:45:04 [DEBUG] 	Line: spacer2 Static: false
02/03/2018 23:45:04 [DEBUG] 	Line: server-label Static: true
02/03/2018 23:45:04 [INFO] Adding scoreboard group 'mcmmo-levelup' ...
02/03/2018 23:45:04 [DEBUG] 	Line: info-label Static: false
02/03/2018 23:45:00 [INFO] Loading placeholder [RedisBungee] ...
02/03/2018 23:45:04 [INFO] Adding scoreboard group 'towny-town-example' ...
02/03/2018 23:45:00 [INFO] Loading placeholder [Sound Effects] ...
02/03/2018 23:45:00 [INFO] Loading placeholder [Statistics] ...
02/03/2018 23:45:02 [DEBUG] 	Line: line3 Static: false
02/03/2018 23:44:58 [INFO] Loading placeholder [Facebook] ...
02/03/2018 23:44:58 [INFO] Loading placeholder [Essentials] ...
02/03/2018 23:44:58 [INFO] Loading placeholder [Entities] ...
02/03/2018 23:44:58 [DEBUG] Loaded placeholder: playereffects
02/03/2018 23:44:58 [INFO] Loading placeholder [Effects] ...
02/03/2018 23:44:58 [DEBUG] Loaded placeholder: economy
02/03/2018 23:45:00 [INFO] Loading placeholder [Factions] ...
02/03/2018 23:44:58 [DEBUG] Loaded placeholder: compass
02/03/2018 23:45:00 [INFO] Loading event hook: mcMMO Level down event ...
02/03/2018 23:45:00 [INFO] Loading event hook: mcMMO Party Level up ...
02/03/2018 23:44:58 [INFO] Loading placeholder [CommandPlaceholderPack] ...
02/03/2018 23:45:00 [INFO] Loading event hook: WorldGuard Region ...
02/03/2018 23:44:58 [INFO] Loading placeholder [Color] ...
02/03/2018 23:45:00 [INFO] Loading placeholder [WorldGuard] ...
02/03/2018 23:45:00 [DEBUG] Loaded placeholder: worldborder
02/03/2018 23:44:58 [DEBUG] Loaded placeholder: bungeecord
02/03/2018 23:45:00 [INFO] Loading event hook: mcMMO Level up event ...
02/03/2018 23:45:01 [MESSAGE] &5[&9FeatherBoard&5] &eUnable to load placeholders 'factions1_6'. Version incompatible for Factions
02/03/2018 23:45:01 [INFO] 	Lines: 2
02/03/2018 23:45:01 [INFO] Loaded 2632 of the 2632 placholders
02/03/2018 23:45:01 [MESSAGE] &5[&9FeatherBoard&5] &eUnable to load placeholders 'factions1_8'. Version incompatible for Factions
02/03/2018 23:45:01 [INFO] Using OPTIMAL as the update strategy
02/03/2018 23:45:01 [DEBUG]  - Server supports Objective entries
02/03/2018 23:45:02 [DEBUG] 	Line: line2 Static: false
02/03/2018 23:45:01 [DEBUG]  - Server supports Team prefix/suffix
02/03/2018 23:45:01 [DEBUG] 	Line: title Static: false
02/03/2018 23:45:03 [DEBUG] 	Line: line8 Static: false
02/03/2018 23:45:02 [DEBUG] 	Line: line6 Static: false
02/03/2018 23:45:03 [DEBUG] 	Line: line10 Static: false
02/03/2018 23:45:02 [DEBUG] 	Line: line4 Static: false
02/03/2018 23:45:03 [DEBUG] 	Line: line12 Static: false
02/03/2018 23:45:04 [DEBUG] 	Line: line14 Static: false
02/03/2018 23:45:04 [DEBUG] 	Line: spacer1 Static: false
02/03/2018 23:45:04 [DEBUG] 	Line: title Static: false
02/03/2018 23:45:04 [DEBUG] 	Line: combat-label Static: true
02/03/2018 23:45:04 [DEBUG] 	Line: footer Static: true
02/03/2018 23:45:04 [DEBUG] 	Line: health-data-1 Static: false
02/03/2018 23:45:04 [INFO] Adding scoreboard group 'default' ...
02/03/2018 23:45:04 [DEBUG] 	Line: player-line1 Static: false
02/03/2018 23:45:04 [DEBUG] 	Line: timesplayed-label Static: false
02/03/2018 23:45:04 [DEBUG] 	Line: spacer1 Static: false
02/03/2018 23:45:04 [DEBUG] 	Line: header Static: false
02/03/2018 23:45:04 [DEBUG] 	Line: spacer3 Static: false
02/03/2018 23:45:04 [DEBUG] 	Line: news Static: false
02/03/2018 23:45:00 [INFO] Loading event hook: Vanilla Block place hook ...
02/03/2018 23:45:04 [DEBUG] 	Line: server-line2 Static: false
02/03/2018 23:45:04 [DEBUG] 	Adding sub command 'module'
02/03/2018 23:45:04 [DEBUG] 	Line: title Static: false
02/03/2018 23:45:00 [INFO] Loading event hook: Vanilla Combat hook ...
02/03/2018 23:44:58 [DEBUG] Loaded placeholder: bukkit
02/03/2018 23:45:04 [DEBUG] 	Line: skilllevel Static: false
02/03/2018 23:45:04 [DEBUG] 	Line: spacer2 Static: true
02/03/2018 23:45:04 [DEBUG] 	Line: spacer1 Static: false
02/03/2018 23:45:04 [DEBUG] 	Line: town-label Static: true
02/03/2018 23:45:04 [DEBUG] 	Line: title Static: false
02/03/2018 23:45:04 [DEBUG] 	Line: townboard Static: false
02/03/2018 23:45:04 [DEBUG] 	Line: population-label Static: true
02/03/2018 23:45:04 [DEBUG] 	Line: footer Static: true
02/03/2018 23:44:58 [DEBUG] Loaded placeholder: armor
02/03/2018 23:45:00 [INFO] Loading event hook: Vanilla player first join ...
02/03/2018 23:45:04 [DEBUG] Scoreboards groups sorted by priority:
02/03/2018 23:44:58 [INFO] Loading placeholder [Armor] ...
02/03/2018 23:45:04 [DEBUG] 	Adding sub command 'hide'
02/03/2018 23:45:00 [INFO] Loading event hook: Vanilla Block break hook ...
02/03/2018 23:45:00 [INFO] Loading event hook: Vanilla Block place hook ...
02/03/2018 23:45:00 [DEBUG] Loaded placeholder: vanillaevents
02/03/2018 23:45:00 [INFO] Loading event hook: Vanilla Combat hook ...
02/03/2018 23:45:04 [DEBUG] 	Adding sub command 'debug'
02/03/2018 23:45:04 [DEBUG] 	Adding sub command 'about'
02/03/2018 23:45:04 [DEBUG] 	Adding sub command 'parse'
02/03/2018 23:45:04 [DEBUG] 	Adding sub command 'reload'
02/03/2018 23:45:04 [DEBUG] 	Adding sub command 'removescoreboard'
02/03/2018 23:45:04 [DEBUG] 	Adding sub command 'add'
02/03/2018 23:45:04 [DEBUG] 	Adding sub command 'modules'
02/03/2018 23:45:04 [DEBUG] 	Adding sub command 'off'
02/03/2018 23:45:00 [INFO] Loading placeholder [VanillaEvents] ...
02/03/2018 23:44:58 [DEBUG] Loaded placeholder: CustomPlaceholders
02/03/2018 23:45:04 [DEBUG] 	Adding sub command 'on'
02/03/2018 23:45:04 [INFO] Adding command 'featherboard'
02/03/2018 23:45:00 [INFO] Loading placeholder [Unicode Characters] ...
02/03/2018 23:45:04 [INFO] Toggle persistence is disabled!
02/03/2018 23:45:00 [INFO] Loading placeholder [World] ...
02/03/2018 23:45:00 [DEBUG] Loaded placeholder: world
02/03/2018 23:45:00 [DEBUG] Loaded placeholder: twitter
02/03/2018 23:45:03 [DEBUG] 	Line: line7 Static: false
02/03/2018 23:45:09 [DEBUG] Refreshing group 'mcmmo-levelup' for new custom placeholder 'fbasics_enderpearl_cooldown'
02/03/2018 23:45:09 [DEBUG] Refreshing group 'towny-town-example' for new custom placeholder 'fbasics_enderpearl_cooldown'
02/03/2018 23:45:09 [DEBUG] Refreshing group 'combat-scoreboard-example' for new custom placeholder 'fbasics_enderpearl_cooldown'
02/03/2018 23:44:57 [INFO] Fetching modules from server ...
02/03/2018 23:45:04 [DEBUG] 	benchmark - 0
02/03/2018 23:45:04 [DEBUG] 	combat-scoreboard-example - 0
02/03/2018 23:45:04 [DEBUG] 	mcmmo-levelup - 0
02/03/2018 23:44:58 [INFO] Loading placeholders and event triggers ...
02/03/2018 23:45:04 [INFO] Added 'PERMISSION' as the default scoreboard assign method
02/03/2018 23:44:59 [DEBUG] Loaded placeholder: factions2
02/03/2018 23:44:59 [DEBUG] Loaded placeholder: galistener
02/03/2018 23:44:59 [DEBUG] Loaded placeholder: memory
02/03/2018 23:44:59 [DEBUG] Loaded placeholder: hotbar
02/03/2018 23:44:59 [DEBUG] Loaded placeholder: java
02/03/2018 23:44:59 [INFO] Loading placeholder [Multiverse-Core] ...
02/03/2018 23:44:59 [DEBUG] Loaded placeholder: multiverse
02/03/2018 23:44:59 [DEBUG] Loaded placeholder: permissions
02/03/2018 23:45:00 [DEBUG] Loaded placeholder: player
02/03/2018 23:44:57 [INFO] Loaded FeatherBoard module: [_LegacyPatch_1.jar] by Maximvdw
02/03/2018 23:44:55 [INFO] Loading language file: lang_en
02/03/2018 23:44:55 [INFO] Loading messages ...
02/03/2018 23:44:57 [INFO] Checking for module updates ...
02/03/2018 23:45:00 [DEBUG] Loaded placeholder: redisbungee
02/03/2018 23:45:00 [DEBUG] Loaded placeholder: previousnames
